Log file open, 03/17/18 20:04:28
LogWindows: Failed to load 'aqProf.dll' (GetLastError=126)
LogWindows: File 'aqProf.dll' does not exist
LogWindows: Failed to load 'VtuneApi.dll' (GetLastError=126)
LogWindows: File 'VtuneApi.dll' does not exist
LogWindows: Failed to load 'VtuneApi32e.dll' (GetLastError=126)
LogWindows: File 'VtuneApi32e.dll' does not exist
LogInit: Display: Running engine for game: EDM
LogPlatformFile: Not using cached read wrapper
LogInit: Display: RandInit(1880499246) SRandInit(1880499246).
LogInit: Read version file with build ID '3709383'
LogInit: Overriding engine version to CL 3709383, compatible CL 3709383
LogInit: Registered custom module enumerator with build ID '3709383'
LogTaskGraph: Started task graph with 5 named threads and 14 total threads with 3 sets of task threads.
LogStats: Stats thread started at 0.306573
LogD3D11RHI: Aftermath initialized
LogModuleManager: Display: Found up-to-date module file ../../../Engine/Plugins/Runtime/SoundVisualizations/Binaries/Win64/UE4Editor-SoundVisualizations.dll (API version 3709383).
LogModuleManager: Display: Found up-to-date module file ../../../Engine/Plugins/2D/Paper2D/Binaries/Win64/UE4Editor-Paper2D.dll (API version 3709383).
LogModuleManager: Display: Found up-to-date module file ../../../Engine/Plugins/2D/Paper2D/Binaries/Win64/UE4Editor-Paper2DEditor.dll (API version 3709383).
LogModuleManager: Display: Found up-to-date module file ../../../Engine/Plugins/2D/Paper2D/Binaries/Win64/UE4Editor-PaperSpriteSheetImporter.dll (API version 3709383).
LogModuleManager: Display: Found up-to-date module file ../../../Engine/Plugins/2D/Paper2D/Binaries/Win64/UE4Editor-PaperTiledImporter.dll (API version 3709383).
LogModuleManager: Display: Found up-to-date module file ../../../Engine/Plugins/2D/Paper2D/Binaries/Win64/UE4Editor-SmartSnapping.dll (API version 3709383).
LogModuleManager: Display: Found up-to-date module file ../../../Engine/Plugins/Blendables/LightPropagationVolume/Binaries/Win64/UE4Editor-LightPropagationVolumeRuntime.dll (API version 3709383).
LogModuleManager: Display: Found up-to-date module file ../../../Engine/Plugins/Blendables/LightPropagationVolume/Binaries/Win64/UE4Editor-LightPropagationVolumeEditor.dll (API version 3709383).
LogModuleManager: Display: Found up-to-date module file ../../../Engine/Plugins/Developer/GitSourceControl/Binaries/Win64/UE4Editor-GitSourceControl.dll (API version 3709383).
LogModuleManager: Display: Found up-to-date module file ../../../Engine/Plugins/Developer/PerforceSourceControl/Binaries/Win64/UE4Editor-PerforceSourceControl.dll (API version 3709383).
LogModuleManager: Display: Found up-to-date module file ../../../Engine/Plugins/Developer/SubversionSourceControl/Binaries/Win64/UE4Editor-SubversionSourceControl.dll (API version 3709383).
LogModuleManager: Display: Found up-to-date module file ../../../Engine/Plugins/Developer/UObjectPlugin/Binaries/Win64/UE4Editor-UObjectPlugin.dll (API version 3709383).
LogModuleManager: Display: Found up-to-date module file ../../../Engine/Plugins/Developer/VisualStudioCodeSourceCodeAccess/Binaries/Win64/UE4Editor-VisualStudioCodeSourceCodeAccess.dll (API version 3709383).
LogModuleManager: Display: Found up-to-date module file ../../../Engine/Plugins/Developer/VisualStudioSourceCodeAccess/Binaries/Win64/UE4Editor-VisualStudioSourceCodeAccess.dll (API version 3709383).
LogModuleManager: Display: Found up-to-date module file ../../../Engine/Plugins/Editor/AssetManagerEditor/Binaries/Win64/UE4Editor-AssetManagerEditor.dll (API version 3709383).
LogModuleManager: Display: Found up-to-date module file ../../../Engine/Plugins/Editor/AudioCapture/Binaries/Win64/UE4Editor-AudioCapture.dll (API version 3709383).
LogModuleManager: Display: Found up-to-date module file ../../../Engine/Plugins/Editor/FacialAnimation/Binaries/Win64/UE4Editor-FacialAnimation.dll (API version 3709383).
LogModuleManager: Display: Found up-to-date module file ../../../Engine/Plugins/Editor/FacialAnimation/Binaries/Win64/UE4Editor-FacialAnimationEditor.dll (API version 3709383).
LogModuleManager: Display: Found up-to-date module file ../../../Engine/Plugins/Editor/GameplayTagsEditor/Binaries/Win64/UE4Editor-GameplayTagsEditor.dll (API version 3709383).
LogModuleManager: Display: Found up-to-date module file ../../../Engine/Plugins/Editor/MobileLauncherProfileWizard/Binaries/Win64/UE4Editor-MobileLauncherProfileWizard.dll (API version 3709383).
LogModuleManager: Display: Found up-to-date module file ../../../Engine/Plugins/Editor/PluginBrowser/Binaries/Win64/UE4Editor-PluginBrowser.dll (API version 3709383).
LogModuleManager: Display: Found up-to-date module file ../../../Engine/Plugins/Editor/SpeedTreeImporter/Binaries/Win64/UE4Editor-SpeedTreeImporter.dll (API version 3709383).
LogModuleManager: Display: Found up-to-date module file ../../../Engine/Plugins/Experimental/AlembicImporter/Binaries/Win64/UE4Editor-AlembicImporter.dll (API version 3709383).
LogModuleManager: Display: Found up-to-date module file ../../../Engine/Plugins/Experimental/AlembicImporter/Binaries/Win64/UE4Editor-AlembicLibrary.dll (API version 3709383).
LogModuleManager: Display: Found up-to-date module file ../../../Engine/Plugins/Experimental/CharacterAI/Binaries/Win64/UE4Editor-CharacterAI.dll (API version 3709383).
LogModuleManager: Display: Found up-to-date module file ../../../Engine/Plugins/Experimental/HTML5Networking/Binaries/Win64/UE4Editor-HTML5Networking.dll (API version 3709383).
LogModuleManager: Display: Found up-to-date module file ../../../Engine/Plugins/Media/AndroidMedia/Binaries/Win64/UE4Editor-AndroidMediaEditor.dll (API version 3709383).
LogModuleManager: Display: Found up-to-date module file ../../../Engine/Plugins/Media/AndroidMedia/Binaries/Win64/UE4Editor-AndroidMediaFactory.dll (API version 3709383).
LogModuleManager: Display: Found up-to-date module file ../../../Engine/Plugins/Media/AvfMedia/Binaries/Win64/UE4Editor-AvfMediaEditor.dll (API version 3709383).
LogModuleManager: Display: Found up-to-date module file ../../../Engine/Plugins/Media/AvfMedia/Binaries/Win64/UE4Editor-AvfMediaFactory.dll (API version 3709383).
LogModuleManager: Display: Found up-to-date module file ../../../Engine/Plugins/Media/AvfMedia/Binaries/Win64/UE4Editor-AvfMediaFactory.dll (API version 3709383).
LogModuleManager: Display: Found up-to-date module file ../../../Engine/Plugins/Media/ImgMedia/Binaries/Win64/UE4Editor-ImgMedia.dll (API version 3709383).
LogModuleManager: Display: Found up-to-date module file ../../../Engine/Plugins/Media/ImgMedia/Binaries/Win64/UE4Editor-ImgMediaEditor.dll (API version 3709383).
LogModuleManager: Display: Found up-to-date module file ../../../Engine/Plugins/Media/ImgMedia/Binaries/Win64/UE4Editor-ImgMediaFactory.dll (API version 3709383).
LogModuleManager: Display: Found up-to-date module file ../../../Engine/Plugins/Media/ImgMedia/Binaries/Win64/UE4Editor-ImgMediaFactory.dll (API version 3709383).
LogModuleManager: Display: Found up-to-date module file ../../../Engine/Plugins/Media/ImgMedia/Binaries/Win64/UE4Editor-OpenExrWrapper.dll (API version 3709383).
LogModuleManager: Display: Found up-to-date module file ../../../Engine/Plugins/Media/MediaCompositing/Binaries/Win64/UE4Editor-MediaCompositing.dll (API version 3709383).
LogModuleManager: Display: Found up-to-date module file ../../../Engine/Plugins/Media/MediaCompositing/Binaries/Win64/UE4Editor-MediaCompositingEditor.dll (API version 3709383).
LogModuleManager: Display: Found up-to-date module file ../../../Engine/Plugins/Media/MediaPlayerEditor/Binaries/Win64/UE4Editor-MediaPlayerEditor.dll (API version 3709383).
LogModuleManager: Display: Found up-to-date module file ../../../Engine/Plugins/Media/WmfMedia/Binaries/Win64/UE4Editor-WmfMedia.dll (API version 3709383).
LogModuleManager: Display: Found up-to-date module file ../../../Engine/Plugins/Media/WmfMedia/Binaries/Win64/UE4Editor-WmfMediaEditor.dll (API version 3709383).
LogModuleManager: Display: Found up-to-date module file ../../../Engine/Plugins/Media/WmfMedia/Binaries/Win64/UE4Editor-WmfMediaFactory.dll (API version 3709383).
LogModuleManager: Display: Found up-to-date module file ../../../Engine/Plugins/Media/WmfMedia/Binaries/Win64/UE4Editor-WmfMediaFactory.dll (API version 3709383).
LogModuleManager: Display: Found up-to-date module file ../../../Engine/Plugins/Messaging/TcpMessaging/Binaries/Win64/UE4Editor-TcpMessaging.dll (API version 3709383).
LogModuleManager: Display: Found up-to-date module file ../../../Engine/Plugins/Messaging/UdpMessaging/Binaries/Win64/UE4Editor-UdpMessaging.dll (API version 3709383).
LogModuleManager: Display: Found up-to-date module file ../../../Engine/Plugins/MovieScene/ActorSequence/Binaries/Win64/UE4Editor-ActorSequence.dll (API version 3709383).
LogModuleManager: Display: Found up-to-date module file ../../../Engine/Plugins/MovieScene/LevelSequenceEditor/Binaries/Win64/UE4Editor-LevelSequenceEditor.dll (API version 3709383).
LogModuleManager: Display: Found up-to-date module file ../../../Engine/Plugins/MovieScene/MatineeToLevelSequence/Binaries/Win64/UE4Editor-MatineeToLevelSequence.dll (API version 3709383).
LogModuleManager: Display: Found up-to-date module file ../../../Engine/Plugins/Online/OnlineSubsystem/Binaries/Win64/UE4Editor-OnlineSubsystem.dll (API version 3709383).
LogModuleManager: Display: Found up-to-date module file ../../../Engine/Plugins/Runtime/AndroidPermission/Binaries/Win64/UE4Editor-AndroidPermission.dll (API version 3709383).
LogModuleManager: Display: Found up-to-date module file ../../../Engine/Plugins/Online/OnlineSubsystemNull/Binaries/Win64/UE4Editor-OnlineSubsystemNull.dll (API version 3709383).
LogModuleManager: Display: Found up-to-date module file ../../../Engine/Plugins/Online/OnlineSubsystemUtils/Binaries/Win64/UE4Editor-OnlineSubsystemUtils.dll (API version 3709383).
LogModuleManager: Display: Found up-to-date module file ../../../Engine/Plugins/Online/OnlineSubsystemUtils/Binaries/Win64/UE4Editor-OnlineBlueprintSupport.dll (API version 3709383).
LogModuleManager: Display: Found up-to-date module file ../../../Engine/Plugins/Runtime/AndroidDeviceProfileSelector/Binaries/Win64/UE4Editor-AndroidDeviceProfileSelector.dll (API version 3709383).
LogModuleManager: Display: Found up-to-date module file ../../../Engine/Plugins/Runtime/AppleARKit/Binaries/Win64/UE4Editor-AppleARKit.dll (API version 3709383).
LogModuleManager: Display: Found up-to-date module file ../../../Engine/Plugins/Runtime/ArchVisCharacter/Binaries/Win64/UE4Editor-ArchVisCharacter.dll (API version 3709383).
LogModuleManager: Display: Found up-to-date module file ../../../Engine/Plugins/Runtime/CableComponent/Binaries/Win64/UE4Editor-CableComponent.dll (API version 3709383).
LogModuleManager: Display: Found up-to-date module file ../../../Engine/Plugins/Runtime/CustomMeshComponent/Binaries/Win64/UE4Editor-CustomMeshComponent.dll (API version 3709383).
LogModuleManager: Display: Found up-to-date module file ../../../Engine/Plugins/Runtime/ExampleDeviceProfileSelector/Binaries/Win64/UE4Editor-ExampleDeviceProfileSelector.dll (API version 3709383).
LogModuleManager: Display: Found up-to-date module file ../../../Engine/Plugins/Runtime/ImmediatePhysics/Binaries/Win64/UE4Editor-ImmediatePhysics.dll (API version 3709383).
LogModuleManager: Display: Found up-to-date module file ../../../Engine/Plugins/Runtime/ImmediatePhysics/Binaries/Win64/UE4Editor-ImmediatePhysicsEditor.dll (API version 3709383).
LogModuleManager: Display: Found up-to-date module file ../../../Engine/Plugins/Runtime/LocationServicesBPLibrary/Binaries/Win64/UE4Editor-LocationServicesBPLibrary.dll (API version 3709383).
LogModuleManager: Display: Found up-to-date module file ../../../Engine/Plugins/Runtime/MobilePatchingUtils/Binaries/Win64/UE4Editor-MobilePatchingUtils.dll (API version 3709383).
LogModuleManager: Display: Found up-to-date module file ../../../Engine/Plugins/Runtime/Oculus/OculusVR/Binaries/Win64/UE4Editor-OculusHMD.dll (API version 3709383).
LogModuleManager: Display: Found up-to-date module file ../../../Engine/Plugins/Runtime/Oculus/OculusVR/Binaries/Win64/UE4Editor-OculusInput.dll (API version 3709383).
LogModuleManager: Display: Found up-to-date module file ../../../Engine/Plugins/Runtime/Oculus/OculusVR/Binaries/Win64/UE4Editor-OculusEditor.dll (API version 3709383).
LogModuleManager: Display: Found up-to-date module file ../../../Engine/Plugins/Runtime/PhysXVehicles/Binaries/Win64/UE4Editor-PhysXVehicles.dll (API version 3709383).
LogModuleManager: Display: Found up-to-date module file ../../../Engine/Plugins/Runtime/PhysXVehicles/Binaries/Win64/UE4Editor-PhysXVehiclesEditor.dll (API version 3709383).
LogModuleManager: Display: Found up-to-date module file ../../../Engine/Plugins/Runtime/ProceduralMeshComponent/Binaries/Win64/UE4Editor-ProceduralMeshComponent.dll (API version 3709383).
LogModuleManager: Display: Found up-to-date module file ../../../Engine/Plugins/Runtime/ProceduralMeshComponent/Binaries/Win64/UE4Editor-ProceduralMeshComponentEditor.dll (API version 3709383).
LogModuleManager: Display: Found up-to-date module file ../../../Engine/Plugins/Runtime/RuntimePhysXCooking/Binaries/Win64/UE4Editor-RuntimePhysXCooking.dll (API version 3709383).
LogModuleManager: Display: Found up-to-date module file ../../../Engine/Plugins/Runtime/Steam/SteamVR/Binaries/Win64/UE4Editor-SteamVR.dll (API version 3709383).
LogModuleManager: Display: Found up-to-date module file ../../../Engine/Plugins/Runtime/Steam/SteamVR/Binaries/Win64/UE4Editor-SteamVRController.dll (API version 3709383).
LogModuleManager: Display: Found up-to-date module file ../../../Engine/Plugins/Runtime/WindowsMoviePlayer/Binaries/Win64/UE4Editor-WindowsMoviePlayer.dll (API version 3709383).
LogPluginManager: Mounting plugin Paper2D
LogPluginManager: Mounting plugin LightPropagationVolume
LogPluginManager: Mounting plugin CodeLiteSourceCodeAccess
LogPluginManager: Mounting plugin GitSourceControl
LogPluginManager: Mounting plugin KDevelopSourceCodeAccess
LogPluginManager: Mounting plugin NullSourceCodeAccess
LogPluginManager: Mounting plugin PerforceSourceControl
LogPluginManager: Mounting plugin SubversionSourceControl
LogPluginManager: Mounting plugin UObjectPlugin
LogPluginManager: Mounting plugin VisualStudioCodeSourceCodeAccess
LogPluginManager: Mounting plugin VisualStudioSourceCodeAccess
LogPluginManager: Mounting plugin XCodeSourceCodeAccess
LogPluginManager: Mounting plugin AssetManagerEditor
LogPluginManager: Mounting plugin AudioCapture
LogPluginManager: Mounting plugin FacialAnimation
LogPluginManager: Mounting plugin GameplayTagsEditor
LogPluginManager: Mounting plugin MobileLauncherProfileWizard
LogPluginManager: Mounting plugin PluginBrowser
LogPluginManager: Mounting plugin SpeedTreeImporter
LogPluginManager: Mounting plugin AlembicImporter
LogPluginManager: Mounting plugin CharacterAI
LogPluginManager: Mounting plugin HTML5Networking
LogPluginManager: Mounting plugin AndroidMedia
LogPluginManager: Mounting plugin AvfMedia
LogPluginManager: Mounting plugin ImgMedia
LogPluginManager: Mounting plugin MediaCompositing
LogPluginManager: Mounting plugin MediaPlayerEditor
LogPluginManager: Mounting plugin WmfMedia
LogPluginManager: Mounting plugin TcpMessaging
LogPluginManager: Mounting plugin UdpMessaging
LogPluginManager: Mounting plugin ActorSequence
LogPluginManager: Mounting plugin LevelSequenceEditor
LogPluginManager: Mounting plugin MatineeToLevelSequence
LogPluginManager: Mounting plugin OnlineSubsystemGooglePlay
LogPluginManager: Mounting plugin OnlineSubsystemIOS
LogPluginManager: Mounting plugin OnlineSubsystem
LogPluginManager: Mounting plugin OnlineSubsystemNull
LogPluginManager: Mounting plugin OnlineSubsystemUtils
LogPluginManager: Mounting plugin AndroidDeviceProfileSelector
LogPluginManager: Mounting plugin AndroidMoviePlayer
LogPluginManager: Mounting plugin AndroidPermission
LogPluginManager: Mounting plugin AppleARKit
LogPluginManager: Mounting plugin AppleMoviePlayer
LogPluginManager: Mounting plugin ArchVisCharacter
LogPluginManager: Mounting plugin CableComponent
LogPluginManager: Mounting plugin CustomMeshComponent
LogPluginManager: Mounting plugin ExampleDeviceProfileSelector
LogPluginManager: Mounting plugin GoogleCloudMessaging
LogPluginManager: Mounting plugin ImmediatePhysics
LogPluginManager: Mounting plugin IOSDeviceProfileSelector
LogPluginManager: Mounting plugin LinuxDeviceProfileSelector
LogPluginManager: Mounting plugin LocationServicesBPLibrary
LogPluginManager: Mounting plugin MobilePatchingUtils
LogPluginManager: Mounting plugin OculusVR
LogPluginManager: Plugin shader directory ../../../Engine/Plugins/Runtime/Oculus/OculusVR/Shaders found
LogPluginManager: Mapping shader source directory ../../../Engine/Plugins/Runtime/Oculus/OculusVR/Shaders to virtual directory /Plugin/OculusVR
LogPluginManager: Mounting plugin PhysXVehicles
LogPluginManager: Mounting plugin ProceduralMeshComponent
LogPluginManager: Mounting plugin RuntimePhysXCooking
LogPluginManager: Mounting plugin SoundVisualizations
LogPluginManager: Mounting plugin SteamVR
LogPluginManager: Mounting plugin WindowsMoviePlayer
LogInit: Using libcurl 7.47.1
LogInit:  - built for x86_64-pc-win32
LogInit:  - supports SSL with OpenSSL/1.0.2g
LogInit:  - supports HTTP deflate (compression) using libz 1.2.8
LogInit:  - other features:
LogInit:      CURL_VERSION_SSL
LogInit:      CURL_VERSION_LIBZ
LogInit:      CURL_VERSION_IPV6
LogInit:      CURL_VERSION_ASYNCHDNS
LogInit:      CURL_VERSION_LARGEFILE
LogInit:      CURL_VERSION_IDN
LogInit:  CurlRequestOptions (configurable via config and command line):
LogInit:  - bVerifyPeer = false  - Libcurl will NOT verify peer certificate
LogInit:  - bUseHttpProxy = false  - Libcurl will NOT use HTTP proxy
LogInit:  - bDontReuseConnections = false  - Libcurl will reuse connections
LogInit:  - CertBundlePath = nullptr  - Libcurl will use whatever was configured at build time.
LogHMD: Failed initializing OVRPlugin 1.17.0
LogInit: Build: ++UE4+Release-4.18-CL-3709383
LogInit: Engine Version: 4.18.0-3709383+++UE4+Release-4.18
LogInit: Compatible Engine Version: 4.18.0-3709383+++UE4+Release-4.18
LogInit: Net CL: 3709383
LogDevObjectVersion: Number of dev versions registered: 16
LogDevObjectVersion:   Dev-Blueprints (B0D832E4-1F89-4F0D-ACCF-7EB736FD4AA2): 10
LogDevObjectVersion:   Dev-Build (E1C64328-A22C-4D53-A36C-8E866417BD8C): 0
LogDevObjectVersion:   Dev-Core (375EC13C-06E4-48FB-B500-84F0262A717E): 2
LogDevObjectVersion:   Dev-Editor (E4B068ED-F494-42E9-A231-DA0B2E46BB41): 20
LogDevObjectVersion:   Dev-Framework (CFFC743F-43B0-4480-9391-14DF171D2073): 30
LogDevObjectVersion:   Dev-Mobile (B02B49B5-BB20-44E9-A304-32B752E40360): 0
LogDevObjectVersion:   Dev-Networking (A4E4105C-59A1-49B5-A7C5-40C4547EDFEE): 0
LogDevObjectVersion:   Dev-Online (39C831C9-5AE6-47DC-9A44-9C173E1C8E7C): 0
LogDevObjectVersion:   Dev-Physics (78F01B33-EBEA-4F98-B9B4-84EACCB95AA2): 0
LogDevObjectVersion:   Dev-Platform (6631380F-2D4D-43E0-8009-CF276956A95A): 0
LogDevObjectVersion:   Dev-Rendering (12F88B9F-8875-4AFC-A67C-D90C383ABD29): 20
LogDevObjectVersion:   Dev-Sequencer (7B5AE74C-D270-4C10-A958-57980B212A5A): 4
LogDevObjectVersion:   Dev-VR (D7296918-1DD6-4BDD-9DE2-64A83CC13884): 0
LogDevObjectVersion:   Dev-LoadTimes (C2A15278-BFE7-4AFE-6C17-90FF531DF755): 1
LogDevObjectVersion:   Private-Geometry (6EACA3D4-40EC-4CC1-B786-8BED09428FC5): 1
LogDevObjectVersion:   Dev-AnimPhys (29E575DD-E0A3-4627-9D10-D276232CDCEA): 12
LogInit: Compiled (64-bit): Oct 20 2017 10:39:19
LogInit: Compiled with Visual C++: 19.00.24215.01
LogInit: Build Configuration: Development
LogInit: Branch Name: ++UE4+Release-4.18
LogInit: Command line:  
LogInit: Base directory: C:/Program Files/Epic Games/UE_4.18/Engine/Binaries/Win64/
LogInit: Installed Engine Build: 1
LogInit: Presizing for max 8388607 objects, including 0 objects not considered by GC, pre-allocating 0 bytes for permanent pool.
LogInit: Object subsystem initialized
[2018.03.18-00.04.34:451][  0]LogInit: Selected Device Profile: [Windows]
[2018.03.18-00.04.34:451][  0]LogInit: Applying CVar settings loaded from the selected device profile: [Windows]
[2018.03.18-00.04.34:542][  0]LogInit: Computer: LAPTOP-S5PH84FF
[2018.03.18-00.04.34:542][  0]LogInit: User: kozwi
[2018.03.18-00.04.34:542][  0]LogInit: CPU Page size=4096, Cores=4
[2018.03.18-00.04.34:542][  0]LogInit: High frequency timer resolution =2.531249 MHz
[2018.03.18-00.04.34:542][  0]LogMemory: Memory total: Physical=15.9GB (16GB approx)
[2018.03.18-00.04.34:542][  0]LogMemory: Platform Memory Stats for Windows
[2018.03.18-00.04.34:542][  0]LogMemory: Process Physical Memory: 278.96 MB used, 278.96 MB peak
[2018.03.18-00.04.34:542][  0]LogMemory: Process Virtual Memory: 274.68 MB used, 274.68 MB peak
[2018.03.18-00.04.34:542][  0]LogMemory: Physical Memory: 4885.20 MB used,  11371.75 MB free, 16256.96 MB total
[2018.03.18-00.04.34:542][  0]LogMemory: Virtual Memory: 713.16 MB used,  11371.75 MB free, 134217728.00 MB total
[2018.03.18-00.04.35:791][  0]LogInit: Using OS detected language (en-US).
[2018.03.18-00.04.35:791][  0]LogInit: Using OS detected locale (en-US).
[2018.03.18-00.04.36:128][  0]LogTextLocalizationManager: No specific localization for 'en-US' exists, so the 'en' localization will be used.
[2018.03.18-00.04.37:552][  0]LogInit: Setting process to per monitor DPI aware
[2018.03.18-00.04.43:334][  0]LogD3D11RHI: D3D11 adapters:
[2018.03.18-00.04.43:384][  0]LogD3D11RHI:    0. 'NVIDIA GeForce GTX 960M' (Feature Level 11_0)
[2018.03.18-00.04.43:384][  0]LogD3D11RHI:       4065/0/8128 MB DedicatedVideo/DedicatedSystem/SharedSystem, Outputs:1, VendorId:0x10de
[2018.03.18-00.04.43:391][  0]LogD3D11RHI:    1. 'Intel(R) HD Graphics 530' (Feature Level 11_0)
[2018.03.18-00.04.43:391][  0]LogD3D11RHI:       128/0/8128 MB DedicatedVideo/DedicatedSystem/SharedSystem, Outputs:0, VendorId:0x8086
[2018.03.18-00.04.43:393][  0]LogD3D11RHI:    2. 'Microsoft Basic Render Driver' (Feature Level 11_0)
[2018.03.18-00.04.43:393][  0]LogD3D11RHI:       0/0/8128 MB DedicatedVideo/DedicatedSystem/SharedSystem, Outputs:0, VendorId:0x1414
[2018.03.18-00.04.43:394][  0]LogD3D11RHI: Chosen D3D11 Adapter: 0
[2018.03.18-00.04.43:400][  0]LogD3D11RHI: Creating new Direct3DDevice
[2018.03.18-00.04.43:400][  0]LogD3D11RHI:     GPU DeviceId: 0x139b (for the marketing name, search the web for "GPU Device Id")
[2018.03.18-00.04.43:400][  0]LogWindows: EnumDisplayDevices:
[2018.03.18-00.04.43:401][  0]LogWindows:    0. 'Intel(R) HD Graphics 530' (P:1 D:1)
[2018.03.18-00.04.43:401][  0]LogWindows:    1. 'Intel(R) HD Graphics 530' (P:0 D:0)
[2018.03.18-00.04.43:401][  0]LogWindows:    2. 'Intel(R) HD Graphics 530' (P:0 D:0)
[2018.03.18-00.04.43:401][  0]LogWindows: DebugString: GetVideoDriverDetailsInvalid PrimaryIsNotTheChoosenAdapter GetVideoDriverDetailsInvalid PrimaryIsNotTheChoosenAdapter GetVideoDriverDetailsInvalid PrimaryIsNotTheChoosenAdapter FoundDriverCount:0 
[2018.03.18-00.04.43:401][  0]LogD3D11RHI:     Adapter Name: NVIDIA GeForce GTX 960M
[2018.03.18-00.04.43:401][  0]LogD3D11RHI:   Driver Version: Unknown (internal:Unknown, unified:Unknown)
[2018.03.18-00.04.43:401][  0]LogD3D11RHI:      Driver Date: Unknown
[2018.03.18-00.04.43:401][  0]LogRHI: Texture pool is 2846 MB (70% of 4065 MB)
[2018.03.18-00.04.43:427][  0]LogD3D11RHI: Async texture creation enabled
[2018.03.18-00.04.43:443][  0]LogD3D11RHI: GPU Timing Frequency: 1000.000000 (Debug: 2 1)
[2018.03.18-00.04.43:444][  0]LogShaderCompilers: Guid format shader working directory is -8 characters bigger than the processId version (../../../../../../Users/kozwi/Google Drive/Unreal/EDM/Intermediate/Shaders/WorkingDirectory/13384/).
[2018.03.18-00.04.43:444][  0]LogShaderCompilers: Cleaned the shader compiler working directory 'C:/Users/kozwi/AppData/Local/Temp/UnrealShaderWorkingDir/02149D214C6EC95734EF22950719D3D1/'.
[2018.03.18-00.04.43:444][  0]LogShaderCompilers: Display: Using Local Shader Compiler.
[2018.03.18-00.04.48:217][  0]LogTemp: Display: Loaded TP AllDesktopTargetPlatform
[2018.03.18-00.04.48:340][  0]LogTemp: Display: Loaded TP MacClientTargetPlatform
[2018.03.18-00.04.48:410][  0]LogTemp: Display: Loaded TP MacNoEditorTargetPlatform
[2018.03.18-00.04.48:476][  0]LogTemp: Display: Loaded TP MacServerTargetPlatform
[2018.03.18-00.04.48:566][  0]LogTemp: Display: Loaded TP MacTargetPlatform
[2018.03.18-00.04.48:635][  0]LogTemp: Display: Loaded TP WindowsClientTargetPlatform
[2018.03.18-00.04.48:708][  0]LogTemp: Display: Loaded TP WindowsNoEditorTargetPlatform
[2018.03.18-00.04.48:777][  0]LogTemp: Display: Loaded TP WindowsServerTargetPlatform
[2018.03.18-00.04.48:838][  0]LogTemp: Display: Loaded TP WindowsTargetPlatform
[2018.03.18-00.04.48:912][  0]LogTemp: Display: Loaded TP Android_ASTCTargetPlatform
[2018.03.18-00.04.48:991][  0]LogTemp: Display: Loaded TP Android_ATCTargetPlatform
[2018.03.18-00.04.49:057][  0]LogTemp: Display: Loaded TP Android_DXTTargetPlatform
[2018.03.18-00.04.49:128][  0]LogTemp: Display: Loaded TP Android_ETC1TargetPlatform
[2018.03.18-00.04.49:195][  0]LogTemp: Display: Loaded TP Android_ETC2TargetPlatform
[2018.03.18-00.04.49:332][  0]LogTemp: Display: Loaded TP Android_MultiTargetPlatform
[2018.03.18-00.04.49:333][  0]LogTemp: Display: Loaded TP Android_PVRTCTargetPlatform
[2018.03.18-00.04.49:447][  0]LogTemp: Display: Loaded TP AndroidTargetPlatform
[2018.03.18-00.04.49:505][  0]LogTemp: Display: Loaded TP HTML5TargetPlatform
[2018.03.18-00.04.49:676][  0]LogTemp: Display: Loaded TP IOSTargetPlatform
[2018.03.18-00.04.49:718][  0]LogTemp: Display: Loaded TP TVOSTargetPlatform
[2018.03.18-00.04.49:794][  0]LogTemp: Display: Loaded TP LinuxClientTargetPlatform
[2018.03.18-00.04.49:862][  0]LogTemp: Display: Loaded TP LinuxNoEditorTargetPlatform
[2018.03.18-00.04.49:933][  0]LogTemp: Display: Loaded TP LinuxServerTargetPlatform
[2018.03.18-00.04.50:017][  0]LogTemp: Display: Loaded TP LinuxTargetPlatform
[2018.03.18-00.04.50:017][  0]LogTargetPlatformManager: Display: Building Assets For Windows
[2018.03.18-00.04.51:517][  0]LogDerivedDataCache: Display: Max Cache Size: 512 MB
[2018.03.18-00.04.53:556][  0]LogDerivedDataCache: Loaded boot cache 2.02s 78MB C:/Users/kozwi/AppData/Local/UnrealEngine/4.18/DerivedDataCache/Boot.ddc.
[2018.03.18-00.04.53:556][  0]LogDerivedDataCache: Display: Loaded Boot cache: C:/Users/kozwi/AppData/Local/UnrealEngine/4.18/DerivedDataCache/Boot.ddc
[2018.03.18-00.04.53:556][  0]LogDerivedDataCache: FDerivedDataBackendGraph:  Pak pak cache file ../../../../../../Users/kozwi/Google Drive/Unreal/EDM/DerivedDataCache/DDC.ddp not found, will not use a pak cache.
[2018.03.18-00.04.53:556][  0]LogDerivedDataCache: Unable to find inner node Pak for hierarchical cache Hierarchy.
[2018.03.18-00.04.53:556][  0]LogDerivedDataCache: FDerivedDataBackendGraph:  CompressedPak pak cache file ../../../../../../Users/kozwi/Google Drive/Unreal/EDM/DerivedDataCache/Compressed.ddp not found, will not use a pak cache.
[2018.03.18-00.04.53:556][  0]LogDerivedDataCache: Unable to find inner node CompressedPak for hierarchical cache Hierarchy.
[2018.03.18-00.04.53:691][  0]LogDerivedDataCache: Display: Pak cache opened for reading ../../../Engine/DerivedDataCache/Compressed.ddp.
[2018.03.18-00.04.53:728][  0]LogDerivedDataCache: Using Local data cache path C:/Users/kozwi/AppData/Local/UnrealEngine/Common/DerivedDataCache: Writable
[2018.03.18-00.04.53:740][  0]LogMaterial: Verifying Global Shaders for PCD3D_SM5
[2018.03.18-00.04.53:741][  0]LogSlate: Using Freetype 2.6.0
[2018.03.18-00.04.53:773][  0]LogSlate: SlateFontCache - WITH_FREETYPE: 1, WITH_HARFBUZZ: 1
[2018.03.18-00.04.53:773][  0]LogSlate: SlateFontCache - WITH_FREETYPE: 1, WITH_HARFBUZZ: 1
[2018.03.18-00.05.01:790][  0]LogInit: Selected Device Profile: [Windows]
[2018.03.18-00.05.03:575][  0]LogSimplygon: Simplygon DLL not present - disabling.
[2018.03.18-00.05.03:725][  0]LogMeshReduction: Using SimplygonSwarm for distributed automatic mesh merging
[2018.03.18-00.05.03:726][  0]LogMeshReduction: Using QuadricMeshReduction for automatic static mesh reduction
[2018.03.18-00.05.03:729][  0]LogMeshReduction: No automatic skeletal mesh reduction module available
[2018.03.18-00.05.03:729][  0]LogMeshReduction: No automatic mesh merging module available
[2018.03.18-00.05.03:729][  0]LogMeshMerging: No automatic mesh merging module available
[2018.03.18-00.05.03:879][  0]LogNetVersion: EDM , NetCL: 3709383, EngineNetVer: 2, GameNetVer: 0 (Checksum: 2285733795)
[2018.03.18-00.05.05:806][  0]LogAssetRegistry: FAssetRegistry took 0.0289 seconds to start up
[2018.03.18-00.05.10:955][  0]LogPackageLocalizationCache: Processed 7 localized package path(s) for 2 prioritized culture(s) in 0.162206 seconds
[2018.03.18-00.05.10:961][  0]LogUObjectArray: 35900 objects as part of root set at end of initial load.
[2018.03.18-00.05.10:961][  0]LogUObjectAllocator: 7372024 out of 0 bytes used by permanent object pool.
[2018.03.18-00.05.10:961][  0]LogUObjectArray: CloseDisregardForGC: 0/0 objects in disregard for GC pool
[2018.03.18-00.05.11:034][  0]LogInit: WinSock: version 1.1 (2.2), MaxSocks=32767, MaxUdp=65467
[2018.03.18-00.05.56:825][  0]LogTcpMessaging: Initializing TcpMessaging bridge
[2018.03.18-00.05.56:918][  0]LogUdpMessaging: Initializing bridge on interface 0.0.0.0:0 to multicast group 230.0.0.1:6666.
[2018.03.18-00.05.58:465][  0]LogMaterial: Uniform references updated for custom material expression Custom.
[2018.03.18-00.05.59:353][  0]SourceControl: Source control is disabled
[2018.03.18-00.05.59:353][  0]SourceControl: Source control is disabled
[2018.03.18-00.05.59:495][  0]SourceControl: Source control is disabled
[2018.03.18-00.05.59:624][  0]SourceControl: Source control is disabled
[2018.03.18-00.06.01:267][  0]LogAndroidPermission: UAndroidPermissionCallbackProxy::GetInstance
[2018.03.18-00.06.01:640][  0]LogOcInput: OculusInput pre-init called
[2018.03.18-00.06.02:166][  0]LogEngine: Initializing Engine...
[2018.03.18-00.06.02:187][  0]LogHMD: Failed to initialize OpenVR with code 110
[2018.03.18-00.06.02:712][  0]LogStats: UGameplayTagsManager::ConstructGameplayTagTree: Construct from data asset -  0.000 s
[2018.03.18-00.06.02:712][  0]LogStats: UGameplayTagsManager::ConstructGameplayTagTree: GameplayTagTreeChangedEvent.Broadcast -  0.000 s
[2018.03.18-00.06.02:943][  0]LogAIModule: Creating AISystem for world Untitled
[2018.03.18-00.06.02:955][  0]LogInit: XAudio2 using 'Speakers / Headphones (Realtek High Definition Audio)' : 2 channels at 48 kHz using 32 bits per sample (channel mask 0x3)
[2018.03.18-00.06.03:346][  0]LogInit: FAudioDevice initialized.
[2018.03.18-00.06.03:802][  0]LogDerivedDataCache: Saved boot cache 0.46s 78MB C:/Users/kozwi/AppData/Local/UnrealEngine/4.18/DerivedDataCache/Boot.ddc.
[2018.03.18-00.06.03:819][  0]LogInit: Texture streaming: Enabled
[2018.03.18-00.06.04:000][  0]LogEngineSessionManager: EngineSessionManager initialized
[2018.03.18-00.06.04:182][  0]LogInit: Transaction tracking system initialized
[2018.03.18-00.06.04:646][  0]BlueprintLog: New page: Editor Load
[2018.03.18-00.06.06:594][  0]LocalizationService: Localization service is disabled
[2018.03.18-00.06.08:312][  0]LogConsoleResponse: Display: 
[2018.03.18-00.06.09:726][  0]LogCook: Display: Max memory allowance for cook 16384mb min free memory 0mb
[2018.03.18-00.06.09:726][  0]LogCook: Display: Mobile HDR setting 1
[2018.03.18-00.06.09:726][  0]LogGameplayTags: Display: UGameplayTagsManager::DoneAddingNativeTags. DelegateIsBound: 0
[2018.03.18-00.06.10:224][  0]LogFileCache: Scanning file cache for directory 'C:/Users/kozwi/Google Drive/Unreal/EDM/Content/' took 0.02s
[2018.03.18-00.06.12:164][  0]SourceControl: Source control is disabled
[2018.03.18-00.06.12:164][  0]Cmd: MAP LOAD FILE="../../../../../../Users/kozwi/Google Drive/Unreal/EDM/Content/ThirdPersonBP/Maps/ThirdPersonExampleMap.umap" TEMPLATE=0 SHOWPROGRESS=1 FEATURELEVEL=3
[2018.03.18-00.06.12:165][  0]LightingResults: New page: Lighting Build
[2018.03.18-00.06.12:223][  0]MapCheck: New page: Map Check
[2018.03.18-00.06.12:223][  0]LightingResults: New page: Lighting Build
[2018.03.18-00.06.23:270][  0]LogBlueprint: Warning: [Compiler PersistentLevel.ThirdPersonExampleMap] Node  Unknown  is not referencing a valid level actor
[2018.03.18-00.06.23:270][  0]LogBlueprint: Warning: [Compiler PersistentLevel.ThirdPersonExampleMap] [0120.79] Compile of PersistentLevel.ThirdPersonExampleMap successful, but with 1 Warning(s) [in 15 ms] (/Game/ThirdPersonBP/Maps/ThirdPersonExampleMap.ThirdPersonExampleMap:PersistentLevel.ThirdPersonExampleMap)
[2018.03.18-00.06.24:305][  0]LogTexture: Display: Building textures: HQ_Lightmap1_1 (AutoDXT, 1024X1024)
[2018.03.18-00.06.24:305][  0]LogTexture: Display: Building textures: HQ_Lightmap1_2 (AutoDXT, 64X64)
[2018.03.18-00.06.24:305][  0]LogTexture: Display: Building textures: LQ_Lightmap_1_1 (DXT1, 1024X1024)
[2018.03.18-00.06.24:305][  0]LogTexture: Display: Building textures: LQ_Lightmap_1_2 (DXT1, 64X64)
[2018.03.18-00.06.24:305][  0]LogTexture: Display: Building textures: LQ_Lightmap_1_3 (DXT1, 64X64)
[2018.03.18-00.06.24:305][  0]LogTexture: Display: Building textures: HQ_Lightmap1_3 (AutoDXT, 64X64)
[2018.03.18-00.06.24:305][  0]LogTexture: Display: Building textures: SkyOcclusion1_2 (AutoDXT, 64X32)
[2018.03.18-00.06.24:305][  0]LogTexture: Display: Building textures: SkyOcclusion1_3 (AutoDXT, 64X32)
[2018.03.18-00.06.24:305][  0]LogTexture: Display: Building textures: ShadowMapTexture2D_2 (G8, 1024X512)
[2018.03.18-00.06.24:305][  0]LogTexture: Display: Building textures: SkyOcclusion1_1 (AutoDXT, 1024X512)
[2018.03.18-00.06.24:332][  0]LogMaterial: Missing cached shader map for material Smoke_Mat, compiling. 
[2018.03.18-00.06.24:535][  0]LogMaterial: Missing cached shader map for material Black_Plastic, compiling. 
[2018.03.18-00.06.24:712][  0]LogStaticMesh: Building static mesh Light_Cone...
[2018.03.18-00.06.24:719][  0]LogStaticMesh: Built static mesh [0.15s] /Game/ThirdPersonBP/Sun_Stage/Light_Panels/Light/Light_Cone.Light_Cone
[2018.03.18-00.06.42:771][  0]LogMaterial: Missing cached shader map for material Pulse_Test1, compiling. 
[2018.03.18-00.06.43:743][  0]LogStaticMesh: Building static mesh Sunstage_Sun_Panel...
[2018.03.18-00.06.43:744][  0]LogStaticMesh: Built static mesh [0.03s] /Game/ThirdPersonBP/Sun_Stage/Light_Panels/Sun_Panel/Sunstage_Sun_Panel.Sunstage_Sun_Panel
[2018.03.18-00.06.44:988][  0]LogMaterial: Missing cached shader map for material Stage_Material, compiling. 
[2018.03.18-00.06.47:544][  0]LogAIModule: Creating AISystem for world ThirdPersonExampleMap
[2018.03.18-00.06.47:775][  0]LogEditorServer: Finished looking for orphan Actors (0.000 secs)
[2018.03.18-00.06.47:791][  0]Cmd: MAP CHECKDEP NOCLEARLOG
[2018.03.18-00.06.47:881][  0]MapCheck: Map check complete: 0 Error(s), 0 Warning(s), took 89.819ms to complete.
[2018.03.18-00.06.47:881][  0]LogFileHelpers: Loading map 'ThirdPersonExampleMap' took 35.717
[2018.03.18-00.06.47:954][  0]LogWindowsTextInputMethodSystem: Display: IME system now deactivated.
[2018.03.18-00.06.47:954][  0]LogWindowsTextInputMethodSystem: Display: IME system now deactivated.
[2018.03.18-00.06.48:234][  0]LogCollectionManager: Loaded 0 collections in 0.002904 seconds
[2018.03.18-00.06.48:327][  0]LogFileCache: Scanning file cache for directory 'C:/Users/kozwi/Google Drive/Unreal/EDM/Saved/Collections/' took 0.01s
[2018.03.18-00.06.48:327][  0]LogFileCache: Scanning file cache for directory 'C:/Users/kozwi/Google Drive/Unreal/EDM/Content/Developers/kozwi/Collections/' took 0.01s
[2018.03.18-00.06.48:327][  0]LogFileCache: Scanning file cache for directory 'C:/Users/kozwi/Google Drive/Unreal/EDM/Content/Collections/' took 0.01s
[2018.03.18-00.06.48:327][  0]LogCollectionManager: Rebuilt the GUID cache for 0 collections in 0.000000 seconds
[2018.03.18-00.06.48:336][  0]LogContentBrowser: Native class hierarchy populated in 0.0093 seconds. Added 2364 classes and 522 folders.
[2018.03.18-00.06.48:512][  0]LogContentBrowser: Native class hierarchy updated for 'WidgetCarousel' in 0.0002 seconds. Added 0 classes and 0 folders.
[2018.03.18-00.06.50:273][  0]LogContentBrowser: Native class hierarchy updated for 'AddContentDialog' in 0.0002 seconds. Added 0 classes and 0 folders.
[2018.03.18-00.06.50:391][  0]LogContentBrowser: Native class hierarchy updated for 'SceneOutliner' in 0.0003 seconds. Added 1 classes and 2 folders.
[2018.03.18-00.06.50:489][  0]LogSlate: Took 0.037261 seconds to synchronously load lazily loaded font '../../../Engine/Content/Slate/Fonts/Roboto-Regular.ttf' (155K)
[2018.03.18-00.06.50:507][  0]LogSlate: Took 0.015993 seconds to synchronously load lazily loaded font '../../../Engine/Content/Slate/Fonts/Roboto-Bold.ttf' (160K)
[2018.03.18-00.06.50:537][  0]LogSlate: Took 0.025335 seconds to synchronously load lazily loaded font '../../../Engine/Content/Editor/Slate/Fonts/FontAwesome.ttf' (139K)
[2018.03.18-00.06.50:802][  0]LogRenderer: Reallocating scene render targets to support 1208x660 Format 9 NumSamples 1 (Frame:1).
[2018.03.18-00.06.51:145][  0]LogContentBrowser: Native class hierarchy updated for 'HierarchicalLODOutliner' in 0.0004 seconds. Added 1 classes and 2 folders.
[2018.03.18-00.06.51:145][  0]LogLoad: (Engine Initialization) Total time: 148.67 seconds
[2018.03.18-00.06.51:145][  0]LogLoad: (Engine Initialization) Total Blueprint compile time: 0.00 seconds
[2018.03.18-00.06.51:145][  0]LogExternalProfiler: No external profilers were discovered.  External profiling features will not be available.
[2018.03.18-00.06.51:176][  0]LogContentStreaming: Texture pool size now 800 MB
[2018.03.18-00.06.51:280][  0]LogSlate: Took 0.027025 seconds to synchronously load lazily loaded font '../../../Engine/Content/Slate/Fonts/Roboto-Light.ttf' (159K)
[2018.03.18-00.06.51:403][  1]LogAssetRegistry: Asset discovery search completed in 105.6199 seconds
[2018.03.18-00.06.51:407][  1]LogCollectionManager: Rebuilt the object cache for 0 collections in 0.000000 seconds (found 0 objects)
[2018.03.18-00.06.51:407][  1]LogCollectionManager: Fixed up redirectors for 0 collections in 0.000082 seconds (updated 0 objects)
[2018.03.18-01.28.21:120][661]LogSlate: Took 0.000143 seconds to synchronously load lazily loaded font '../../../Engine/Content/Slate/Fonts/Roboto-Light.ttf' (159K)
