Log file open, 03/15/18 00:32:57
LogWindows: Failed to load 'aqProf.dll' (GetLastError=126)
LogWindows: File 'aqProf.dll' does not exist
LogWindows: Failed to load 'VSPerf140.dll' (GetLastError=126)
LogWindows: File 'VSPerf140.dll' does not exist
LogWindows: Failed to load 'VtuneApi.dll' (GetLastError=126)
LogWindows: File 'VtuneApi.dll' does not exist
LogWindows: Failed to load 'VtuneApi32e.dll' (GetLastError=126)
LogWindows: File 'VtuneApi32e.dll' does not exist
LogInit: Display: Running engine for game: EDM
LogPlatformFile: Not using cached read wrapper
LogInit: Display: RandInit(1218306043) SRandInit(1218306057).
LogInit: Read version file with build ID '3709383'
LogInit: Overriding engine version to CL 3832480, compatible CL 3709383
LogInit: Registered custom module enumerator with build ID '3709383'
LogTaskGraph: Started task graph with 5 named threads and 8 total threads with 3 sets of task threads.
LogStats: Stats thread started at 0.149237
LogD3D11RHI: Aftermath initialized
LogModuleManager: Display: Found up-to-date module file ../../../Engine/Plugins/Runtime/SoundVisualizations/Binaries/Win64/UE4Editor-SoundVisualizations.dll (API version 3709383).
LogModuleManager: Display: Found up-to-date module file ../../../Engine/Plugins/2D/Paper2D/Binaries/Win64/UE4Editor-Paper2D.dll (API version 3709383).
LogModuleManager: Display: Found up-to-date module file ../../../Engine/Plugins/2D/Paper2D/Binaries/Win64/UE4Editor-Paper2DEditor.dll (API version 3709383).
LogModuleManager: Display: Found up-to-date module file ../../../Engine/Plugins/2D/Paper2D/Binaries/Win64/UE4Editor-PaperSpriteSheetImporter.dll (API version 3709383).
LogModuleManager: Display: Found up-to-date module file ../../../Engine/Plugins/2D/Paper2D/Binaries/Win64/UE4Editor-PaperTiledImporter.dll (API version 3709383).
LogModuleManager: Display: Found up-to-date module file ../../../Engine/Plugins/2D/Paper2D/Binaries/Win64/UE4Editor-SmartSnapping.dll (API version 3709383).
LogModuleManager: Display: Found up-to-date module file ../../../Engine/Plugins/Blendables/LightPropagationVolume/Binaries/Win64/UE4Editor-LightPropagationVolumeRuntime.dll (API version 3709383).
LogModuleManager: Display: Found up-to-date module file ../../../Engine/Plugins/Blendables/LightPropagationVolume/Binaries/Win64/UE4Editor-LightPropagationVolumeEditor.dll (API version 3709383).
LogModuleManager: Display: Found up-to-date module file ../../../Engine/Plugins/Developer/GitSourceControl/Binaries/Win64/UE4Editor-GitSourceControl.dll (API version 3709383).
LogModuleManager: Display: Found up-to-date module file ../../../Engine/Plugins/Developer/PerforceSourceControl/Binaries/Win64/UE4Editor-PerforceSourceControl.dll (API version 3709383).
LogModuleManager: Display: Found up-to-date module file ../../../Engine/Plugins/Developer/SubversionSourceControl/Binaries/Win64/UE4Editor-SubversionSourceControl.dll (API version 3709383).
LogModuleManager: Display: Found up-to-date module file ../../../Engine/Plugins/Developer/UObjectPlugin/Binaries/Win64/UE4Editor-UObjectPlugin.dll (API version 3709383).
LogModuleManager: Display: Found up-to-date module file ../../../Engine/Plugins/Developer/VisualStudioCodeSourceCodeAccess/Binaries/Win64/UE4Editor-VisualStudioCodeSourceCodeAccess.dll (API version 3709383).
LogModuleManager: Display: Found up-to-date module file ../../../Engine/Plugins/Developer/VisualStudioSourceCodeAccess/Binaries/Win64/UE4Editor-VisualStudioSourceCodeAccess.dll (API version 3709383).
LogModuleManager: Display: Found up-to-date module file ../../../Engine/Plugins/Editor/AssetManagerEditor/Binaries/Win64/UE4Editor-AssetManagerEditor.dll (API version 3709383).
LogModuleManager: Display: Found up-to-date module file ../../../Engine/Plugins/Editor/AudioCapture/Binaries/Win64/UE4Editor-AudioCapture.dll (API version 3709383).
LogModuleManager: Display: Found up-to-date module file ../../../Engine/Plugins/Editor/FacialAnimation/Binaries/Win64/UE4Editor-FacialAnimation.dll (API version 3709383).
LogModuleManager: Display: Found up-to-date module file ../../../Engine/Plugins/Editor/FacialAnimation/Binaries/Win64/UE4Editor-FacialAnimationEditor.dll (API version 3709383).
LogModuleManager: Display: Found up-to-date module file ../../../Engine/Plugins/Editor/GameplayTagsEditor/Binaries/Win64/UE4Editor-GameplayTagsEditor.dll (API version 3709383).
LogModuleManager: Display: Found up-to-date module file ../../../Engine/Plugins/Editor/MobileLauncherProfileWizard/Binaries/Win64/UE4Editor-MobileLauncherProfileWizard.dll (API version 3709383).
LogModuleManager: Display: Found up-to-date module file ../../../Engine/Plugins/Editor/PluginBrowser/Binaries/Win64/UE4Editor-PluginBrowser.dll (API version 3709383).
LogModuleManager: Display: Found up-to-date module file ../../../Engine/Plugins/Editor/SpeedTreeImporter/Binaries/Win64/UE4Editor-SpeedTreeImporter.dll (API version 3709383).
LogModuleManager: Display: Found up-to-date module file ../../../Engine/Plugins/Experimental/AlembicImporter/Binaries/Win64/UE4Editor-AlembicImporter.dll (API version 3709383).
LogModuleManager: Display: Found up-to-date module file ../../../Engine/Plugins/Experimental/AlembicImporter/Binaries/Win64/UE4Editor-AlembicLibrary.dll (API version 3709383).
LogModuleManager: Display: Found up-to-date module file ../../../Engine/Plugins/Experimental/CharacterAI/Binaries/Win64/UE4Editor-CharacterAI.dll (API version 3709383).
LogModuleManager: Display: Found up-to-date module file ../../../Engine/Plugins/Experimental/HTML5Networking/Binaries/Win64/UE4Editor-HTML5Networking.dll (API version 3709383).
LogModuleManager: Display: Found up-to-date module file ../../../Engine/Plugins/Media/AndroidMedia/Binaries/Win64/UE4Editor-AndroidMediaEditor.dll (API version 3709383).
LogModuleManager: Display: Found up-to-date module file ../../../Engine/Plugins/Media/AndroidMedia/Binaries/Win64/UE4Editor-AndroidMediaFactory.dll (API version 3709383).
LogModuleManager: Display: Found up-to-date module file ../../../Engine/Plugins/Media/AvfMedia/Binaries/Win64/UE4Editor-AvfMediaEditor.dll (API version 3709383).
LogModuleManager: Display: Found up-to-date module file ../../../Engine/Plugins/Media/AvfMedia/Binaries/Win64/UE4Editor-AvfMediaFactory.dll (API version 3709383).
LogModuleManager: Display: Found up-to-date module file ../../../Engine/Plugins/Media/AvfMedia/Binaries/Win64/UE4Editor-AvfMediaFactory.dll (API version 3709383).
LogModuleManager: Display: Found up-to-date module file ../../../Engine/Plugins/Media/ImgMedia/Binaries/Win64/UE4Editor-ImgMedia.dll (API version 3709383).
LogModuleManager: Display: Found up-to-date module file ../../../Engine/Plugins/Media/ImgMedia/Binaries/Win64/UE4Editor-ImgMediaEditor.dll (API version 3709383).
LogModuleManager: Display: Found up-to-date module file ../../../Engine/Plugins/Media/ImgMedia/Binaries/Win64/UE4Editor-ImgMediaFactory.dll (API version 3709383).
LogModuleManager: Display: Found up-to-date module file ../../../Engine/Plugins/Media/ImgMedia/Binaries/Win64/UE4Editor-ImgMediaFactory.dll (API version 3709383).
LogModuleManager: Display: Found up-to-date module file ../../../Engine/Plugins/Media/ImgMedia/Binaries/Win64/UE4Editor-OpenExrWrapper.dll (API version 3709383).
LogModuleManager: Display: Found up-to-date module file ../../../Engine/Plugins/Media/MediaCompositing/Binaries/Win64/UE4Editor-MediaCompositing.dll (API version 3709383).
LogModuleManager: Display: Found up-to-date module file ../../../Engine/Plugins/Media/MediaCompositing/Binaries/Win64/UE4Editor-MediaCompositingEditor.dll (API version 3709383).
LogModuleManager: Display: Found up-to-date module file ../../../Engine/Plugins/Media/MediaPlayerEditor/Binaries/Win64/UE4Editor-MediaPlayerEditor.dll (API version 3709383).
LogModuleManager: Display: Found up-to-date module file ../../../Engine/Plugins/Media/WmfMedia/Binaries/Win64/UE4Editor-WmfMedia.dll (API version 3709383).
LogModuleManager: Display: Found up-to-date module file ../../../Engine/Plugins/Media/WmfMedia/Binaries/Win64/UE4Editor-WmfMediaEditor.dll (API version 3709383).
LogModuleManager: Display: Found up-to-date module file ../../../Engine/Plugins/Media/WmfMedia/Binaries/Win64/UE4Editor-WmfMediaFactory.dll (API version 3709383).
LogModuleManager: Display: Found up-to-date module file ../../../Engine/Plugins/Media/WmfMedia/Binaries/Win64/UE4Editor-WmfMediaFactory.dll (API version 3709383).
LogModuleManager: Display: Found up-to-date module file ../../../Engine/Plugins/Messaging/TcpMessaging/Binaries/Win64/UE4Editor-TcpMessaging.dll (API version 3709383).
LogModuleManager: Display: Found up-to-date module file ../../../Engine/Plugins/Messaging/UdpMessaging/Binaries/Win64/UE4Editor-UdpMessaging.dll (API version 3709383).
LogModuleManager: Display: Found up-to-date module file ../../../Engine/Plugins/MovieScene/ActorSequence/Binaries/Win64/UE4Editor-ActorSequence.dll (API version 3709383).
LogModuleManager: Display: Found up-to-date module file ../../../Engine/Plugins/MovieScene/LevelSequenceEditor/Binaries/Win64/UE4Editor-LevelSequenceEditor.dll (API version 3709383).
LogModuleManager: Display: Found up-to-date module file ../../../Engine/Plugins/MovieScene/MatineeToLevelSequence/Binaries/Win64/UE4Editor-MatineeToLevelSequence.dll (API version 3709383).
LogModuleManager: Display: Found up-to-date module file ../../../Engine/Plugins/Online/OnlineSubsystem/Binaries/Win64/UE4Editor-OnlineSubsystem.dll (API version 3709383).
LogModuleManager: Display: Found up-to-date module file ../../../Engine/Plugins/Runtime/AndroidPermission/Binaries/Win64/UE4Editor-AndroidPermission.dll (API version 3709383).
LogModuleManager: Display: Found up-to-date module file ../../../Engine/Plugins/Online/OnlineSubsystemNull/Binaries/Win64/UE4Editor-OnlineSubsystemNull.dll (API version 3709383).
LogModuleManager: Display: Found up-to-date module file ../../../Engine/Plugins/Online/OnlineSubsystemUtils/Binaries/Win64/UE4Editor-OnlineSubsystemUtils.dll (API version 3709383).
LogModuleManager: Display: Found up-to-date module file ../../../Engine/Plugins/Online/OnlineSubsystemUtils/Binaries/Win64/UE4Editor-OnlineBlueprintSupport.dll (API version 3709383).
LogModuleManager: Display: Found up-to-date module file ../../../Engine/Plugins/Runtime/AndroidDeviceProfileSelector/Binaries/Win64/UE4Editor-AndroidDeviceProfileSelector.dll (API version 3709383).
LogModuleManager: Display: Found up-to-date module file ../../../Engine/Plugins/Runtime/AppleARKit/Binaries/Win64/UE4Editor-AppleARKit.dll (API version 3709383).
LogModuleManager: Display: Found up-to-date module file ../../../Engine/Plugins/Runtime/ArchVisCharacter/Binaries/Win64/UE4Editor-ArchVisCharacter.dll (API version 3709383).
LogModuleManager: Display: Found up-to-date module file ../../../Engine/Plugins/Runtime/CableComponent/Binaries/Win64/UE4Editor-CableComponent.dll (API version 3709383).
LogModuleManager: Display: Found up-to-date module file ../../../Engine/Plugins/Runtime/CustomMeshComponent/Binaries/Win64/UE4Editor-CustomMeshComponent.dll (API version 3709383).
LogModuleManager: Display: Found up-to-date module file ../../../Engine/Plugins/Runtime/ExampleDeviceProfileSelector/Binaries/Win64/UE4Editor-ExampleDeviceProfileSelector.dll (API version 3709383).
LogModuleManager: Display: Found up-to-date module file ../../../Engine/Plugins/Runtime/ImmediatePhysics/Binaries/Win64/UE4Editor-ImmediatePhysics.dll (API version 3709383).
LogModuleManager: Display: Found up-to-date module file ../../../Engine/Plugins/Runtime/ImmediatePhysics/Binaries/Win64/UE4Editor-ImmediatePhysicsEditor.dll (API version 3709383).
LogModuleManager: Display: Found up-to-date module file ../../../Engine/Plugins/Runtime/LocationServicesBPLibrary/Binaries/Win64/UE4Editor-LocationServicesBPLibrary.dll (API version 3709383).
LogModuleManager: Display: Found up-to-date module file ../../../Engine/Plugins/Runtime/MobilePatchingUtils/Binaries/Win64/UE4Editor-MobilePatchingUtils.dll (API version 3709383).
LogModuleManager: Display: Found up-to-date module file ../../../Engine/Plugins/Runtime/Oculus/OculusVR/Binaries/Win64/UE4Editor-OculusHMD.dll (API version 3709383).
LogModuleManager: Display: Found up-to-date module file ../../../Engine/Plugins/Runtime/Oculus/OculusVR/Binaries/Win64/UE4Editor-OculusInput.dll (API version 3709383).
LogModuleManager: Display: Found up-to-date module file ../../../Engine/Plugins/Runtime/Oculus/OculusVR/Binaries/Win64/UE4Editor-OculusEditor.dll (API version 3709383).
LogModuleManager: Display: Found up-to-date module file ../../../Engine/Plugins/Runtime/PhysXVehicles/Binaries/Win64/UE4Editor-PhysXVehicles.dll (API version 3709383).
LogModuleManager: Display: Found up-to-date module file ../../../Engine/Plugins/Runtime/PhysXVehicles/Binaries/Win64/UE4Editor-PhysXVehiclesEditor.dll (API version 3709383).
LogModuleManager: Display: Found up-to-date module file ../../../Engine/Plugins/Runtime/ProceduralMeshComponent/Binaries/Win64/UE4Editor-ProceduralMeshComponent.dll (API version 3709383).
LogModuleManager: Display: Found up-to-date module file ../../../Engine/Plugins/Runtime/ProceduralMeshComponent/Binaries/Win64/UE4Editor-ProceduralMeshComponentEditor.dll (API version 3709383).
LogModuleManager: Display: Found up-to-date module file ../../../Engine/Plugins/Runtime/RuntimePhysXCooking/Binaries/Win64/UE4Editor-RuntimePhysXCooking.dll (API version 3709383).
LogModuleManager: Display: Found up-to-date module file ../../../Engine/Plugins/Runtime/Steam/SteamVR/Binaries/Win64/UE4Editor-SteamVR.dll (API version 3709383).
LogModuleManager: Display: Found up-to-date module file ../../../Engine/Plugins/Runtime/Steam/SteamVR/Binaries/Win64/UE4Editor-SteamVRController.dll (API version 3709383).
LogModuleManager: Display: Found up-to-date module file ../../../Engine/Plugins/Runtime/WindowsMoviePlayer/Binaries/Win64/UE4Editor-WindowsMoviePlayer.dll (API version 3709383).
LogPluginManager: Mounting plugin Paper2D
LogPluginManager: Mounting plugin LightPropagationVolume
LogPluginManager: Mounting plugin CodeLiteSourceCodeAccess
LogPluginManager: Mounting plugin GitSourceControl
LogPluginManager: Mounting plugin KDevelopSourceCodeAccess
LogPluginManager: Mounting plugin NullSourceCodeAccess
LogPluginManager: Mounting plugin PerforceSourceControl
LogPluginManager: Mounting plugin SubversionSourceControl
LogPluginManager: Mounting plugin UObjectPlugin
LogPluginManager: Mounting plugin VisualStudioCodeSourceCodeAccess
LogPluginManager: Mounting plugin VisualStudioSourceCodeAccess
LogPluginManager: Mounting plugin XCodeSourceCodeAccess
LogPluginManager: Mounting plugin AssetManagerEditor
LogPluginManager: Mounting plugin AudioCapture
LogPluginManager: Mounting plugin FacialAnimation
LogPluginManager: Mounting plugin GameplayTagsEditor
LogPluginManager: Mounting plugin MobileLauncherProfileWizard
LogPluginManager: Mounting plugin PluginBrowser
LogPluginManager: Mounting plugin SpeedTreeImporter
LogPluginManager: Mounting plugin AlembicImporter
LogPluginManager: Mounting plugin CharacterAI
LogPluginManager: Mounting plugin HTML5Networking
LogPluginManager: Mounting plugin AndroidMedia
LogPluginManager: Mounting plugin AvfMedia
LogPluginManager: Mounting plugin ImgMedia
LogPluginManager: Mounting plugin MediaCompositing
LogPluginManager: Mounting plugin MediaPlayerEditor
LogPluginManager: Mounting plugin WmfMedia
LogPluginManager: Mounting plugin TcpMessaging
LogPluginManager: Mounting plugin UdpMessaging
LogPluginManager: Mounting plugin ActorSequence
LogPluginManager: Mounting plugin LevelSequenceEditor
LogPluginManager: Mounting plugin MatineeToLevelSequence
LogPluginManager: Mounting plugin OnlineSubsystemGooglePlay
LogPluginManager: Mounting plugin OnlineSubsystemIOS
LogPluginManager: Mounting plugin OnlineSubsystem
LogPluginManager: Mounting plugin OnlineSubsystemNull
LogPluginManager: Mounting plugin OnlineSubsystemUtils
LogPluginManager: Mounting plugin AndroidDeviceProfileSelector
LogPluginManager: Mounting plugin AndroidMoviePlayer
LogPluginManager: Mounting plugin AndroidPermission
LogPluginManager: Mounting plugin AppleARKit
LogPluginManager: Mounting plugin AppleMoviePlayer
LogPluginManager: Mounting plugin ArchVisCharacter
LogPluginManager: Mounting plugin CableComponent
LogPluginManager: Mounting plugin CustomMeshComponent
LogPluginManager: Mounting plugin ExampleDeviceProfileSelector
LogPluginManager: Mounting plugin GoogleCloudMessaging
LogPluginManager: Mounting plugin ImmediatePhysics
LogPluginManager: Mounting plugin IOSDeviceProfileSelector
LogPluginManager: Mounting plugin LinuxDeviceProfileSelector
LogPluginManager: Mounting plugin LocationServicesBPLibrary
LogPluginManager: Mounting plugin MobilePatchingUtils
LogPluginManager: Mounting plugin OculusVR
LogPluginManager: Plugin shader directory ../../../Engine/Plugins/Runtime/Oculus/OculusVR/Shaders found
LogPluginManager: Mapping shader source directory ../../../Engine/Plugins/Runtime/Oculus/OculusVR/Shaders to virtual directory /Plugin/OculusVR
LogPluginManager: Mounting plugin PhysXVehicles
LogPluginManager: Mounting plugin ProceduralMeshComponent
LogPluginManager: Mounting plugin RuntimePhysXCooking
LogPluginManager: Mounting plugin SoundVisualizations
LogPluginManager: Mounting plugin SteamVR
LogPluginManager: Mounting plugin WindowsMoviePlayer
LogInit: Using libcurl 7.47.1
LogInit:  - built for x86_64-pc-win32
LogInit:  - supports SSL with OpenSSL/1.0.2g
LogInit:  - supports HTTP deflate (compression) using libz 1.2.8
LogInit:  - other features:
LogInit:      CURL_VERSION_SSL
LogInit:      CURL_VERSION_LIBZ
LogInit:      CURL_VERSION_IPV6
LogInit:      CURL_VERSION_ASYNCHDNS
LogInit:      CURL_VERSION_LARGEFILE
LogInit:      CURL_VERSION_IDN
LogInit:  CurlRequestOptions (configurable via config and command line):
LogInit:  - bVerifyPeer = false  - Libcurl will NOT verify peer certificate
LogInit:  - bUseHttpProxy = false  - Libcurl will NOT use HTTP proxy
LogInit:  - bDontReuseConnections = false  - Libcurl will reuse connections
LogInit:  - CertBundlePath = nullptr  - Libcurl will use whatever was configured at build time.
LogInit: Build: ++UE4+Release-4.18-CL-3832480
LogInit: Engine Version: 4.18.3-3832480+++UE4+Release-4.18
LogInit: Compatible Engine Version: 4.18.0-3709383+++UE4+Release-4.18
LogInit: Net CL: 3709383
LogDevObjectVersion: Number of dev versions registered: 16
LogDevObjectVersion:   Dev-Blueprints (B0D832E4-1F89-4F0D-ACCF-7EB736FD4AA2): 10
LogDevObjectVersion:   Dev-Build (E1C64328-A22C-4D53-A36C-8E866417BD8C): 0
LogDevObjectVersion:   Dev-Core (375EC13C-06E4-48FB-B500-84F0262A717E): 2
LogDevObjectVersion:   Dev-Editor (E4B068ED-F494-42E9-A231-DA0B2E46BB41): 20
LogDevObjectVersion:   Dev-Framework (CFFC743F-43B0-4480-9391-14DF171D2073): 30
LogDevObjectVersion:   Dev-Mobile (B02B49B5-BB20-44E9-A304-32B752E40360): 0
LogDevObjectVersion:   Dev-Networking (A4E4105C-59A1-49B5-A7C5-40C4547EDFEE): 0
LogDevObjectVersion:   Dev-Online (39C831C9-5AE6-47DC-9A44-9C173E1C8E7C): 0
LogDevObjectVersion:   Dev-Physics (78F01B33-EBEA-4F98-B9B4-84EACCB95AA2): 0
LogDevObjectVersion:   Dev-Platform (6631380F-2D4D-43E0-8009-CF276956A95A): 0
LogDevObjectVersion:   Dev-Rendering (12F88B9F-8875-4AFC-A67C-D90C383ABD29): 20
LogDevObjectVersion:   Dev-Sequencer (7B5AE74C-D270-4C10-A958-57980B212A5A): 4
LogDevObjectVersion:   Dev-VR (D7296918-1DD6-4BDD-9DE2-64A83CC13884): 0
LogDevObjectVersion:   Dev-LoadTimes (C2A15278-BFE7-4AFE-6C17-90FF531DF755): 1
LogDevObjectVersion:   Private-Geometry (6EACA3D4-40EC-4CC1-B786-8BED09428FC5): 1
LogDevObjectVersion:   Dev-AnimPhys (29E575DD-E0A3-4627-9D10-D276232CDCEA): 12
LogInit: Compiled (64-bit): Jan 12 2018 02:04:55
LogInit: Compiled with Visual C++: 19.00.24215.01
LogInit: Build Configuration: Development
LogInit: Branch Name: ++UE4+Release-4.18
LogInit: Command line:  
LogInit: Base directory: C:/Program Files/Epic Games/UE_4.18/Engine/Binaries/Win64/
LogInit: Installed Engine Build: 1
LogInit: Presizing for max 8388607 objects, including 0 objects not considered by GC, pre-allocating 0 bytes for permanent pool.
LogInit: Object subsystem initialized
[2018.03.15-04.33.00:751][  0]LogInit: Selected Device Profile: [Windows]
[2018.03.15-04.33.00:751][  0]LogInit: Applying CVar settings loaded from the selected device profile: [Windows]
[2018.03.15-04.33.00:785][  0]LogInit: Computer: DESKTOP-6IAEQ09
[2018.03.15-04.33.00:785][  0]LogInit: User: Michal
[2018.03.15-04.33.00:785][  0]LogInit: CPU Page size=4096, Cores=2
[2018.03.15-04.33.00:785][  0]LogInit: High frequency timer resolution =14.318180 MHz
[2018.03.15-04.33.00:786][  0]LogMemory: Memory total: Physical=8.0GB (8GB approx)
[2018.03.15-04.33.00:786][  0]LogMemory: Platform Memory Stats for Windows
[2018.03.15-04.33.00:786][  0]LogMemory: Process Physical Memory: 274.86 MB used, 274.86 MB peak
[2018.03.15-04.33.00:786][  0]LogMemory: Process Virtual Memory: 271.38 MB used, 271.38 MB peak
[2018.03.15-04.33.00:786][  0]LogMemory: Physical Memory: 3372.19 MB used,  4770.95 MB free, 8143.14 MB total
[2018.03.15-04.33.00:786][  0]LogMemory: Virtual Memory: 675.85 MB used,  4770.95 MB free, 134217728.00 MB total
[2018.03.15-04.33.01:149][  0]LogInit: Using OS detected language (en-US).
[2018.03.15-04.33.01:149][  0]LogInit: Using OS detected locale (en-US).
[2018.03.15-04.33.01:155][  0]LogTextLocalizationManager: No specific localization for 'en-US' exists, so the 'en' localization will be used.
[2018.03.15-04.33.01:774][  0]LogInit: Setting process to per monitor DPI aware
[2018.03.15-04.33.02:268][  0]LogD3D11RHI: D3D11 adapters:
[2018.03.15-04.33.02:294][  0]LogD3D11RHI:    0. 'AMD Radeon (TM) R9 200 Series' (Feature Level 11_0)
[2018.03.15-04.33.02:294][  0]LogD3D11RHI:       2029/0/4071 MB DedicatedVideo/DedicatedSystem/SharedSystem, Outputs:2, VendorId:0x1002
[2018.03.15-04.33.02:298][  0]LogD3D11RHI:    1. 'Microsoft Basic Render Driver' (Feature Level 11_0)
[2018.03.15-04.33.02:298][  0]LogD3D11RHI:       0/0/4071 MB DedicatedVideo/DedicatedSystem/SharedSystem, Outputs:0, VendorId:0x1414
[2018.03.15-04.33.02:298][  0]LogD3D11RHI: Chosen D3D11 Adapter: 0
[2018.03.15-04.33.02:305][  0]LogD3D11RHI: Creating new Direct3DDevice
[2018.03.15-04.33.02:305][  0]LogD3D11RHI:     GPU DeviceId: 0x6811 (for the marketing name, search the web for "GPU Device Id")
[2018.03.15-04.33.02:305][  0]LogWindows: EnumDisplayDevices:
[2018.03.15-04.33.02:305][  0]LogWindows:    0. 'AMD Radeon (TM) R9 200 Series' (P:1 D:1)
[2018.03.15-04.33.02:306][  0]LogWindows:    1. 'AMD Radeon (TM) R9 200 Series' (P:0 D:1)
[2018.03.15-04.33.02:306][  0]LogWindows:    2. 'AMD Radeon (TM) R9 200 Series' (P:0 D:0)
[2018.03.15-04.33.02:306][  0]LogWindows:    3. 'AMD Radeon (TM) R9 200 Series' (P:0 D:0)
[2018.03.15-04.33.02:306][  0]LogWindows:    4. 'AMD Radeon (TM) R9 200 Series' (P:0 D:0)
[2018.03.15-04.33.02:306][  0]LogWindows:    5. 'AMD Radeon (TM) R9 200 Series' (P:0 D:0)
[2018.03.15-04.33.02:307][  0]LogWindows: DebugString: GetVideoDriverDetailsInvalid PrimaryIsNotTheChoosenAdapter GetVideoDriverDetailsInvalid PrimaryIsNotTheChoosenAdapter GetVideoDriverDetailsInvalid PrimaryIsNotTheChoosenAdapter GetVideoDriverDetailsInvalid PrimaryIsNotTheChoosenAdapter GetVideoDriverDetailsInvalid PrimaryIsNotTheChoosenAdapter GetVideoDriverDetailsInvalid PrimaryIsNotTheChoosenAdapter FoundDriverCount:0 
[2018.03.15-04.33.02:307][  0]LogD3D11RHI:     Adapter Name: AMD Radeon (TM) R9 200 Series
[2018.03.15-04.33.02:307][  0]LogD3D11RHI:   Driver Version: Unknown (internal:Unknown, unified:Unknown)
[2018.03.15-04.33.02:307][  0]LogD3D11RHI:      Driver Date: Unknown
[2018.03.15-04.33.02:307][  0]LogRHI: Texture pool is 1420 MB (70% of 2029 MB)
[2018.03.15-04.33.02:378][  0]LogD3D11RHI: Async texture creation enabled
[2018.03.15-04.33.02:395][  0]LogD3D11RHI: GPU Timing Frequency: 27.000000 (Debug: 2 1)
[2018.03.15-04.33.02:397][  0]LogShaderCompilers: Guid format shader working directory is 21 characters bigger than the processId version (D:/Google Drive/Unreal/EDM/Intermediate/Shaders/WorkingDirectory/9336/).
[2018.03.15-04.33.02:397][  0]LogShaderCompilers: Cleaned the shader compiler working directory 'C:/Users/Michal/AppData/Local/Temp/UnrealShaderWorkingDir/9979E264431A2A7D6CC4FA9B33D07E64/'.
[2018.03.15-04.33.02:397][  0]LogShaderCompilers: Display: Using Local Shader Compiler.
[2018.03.15-04.33.04:344][  0]LogTemp: Display: Loaded TP AllDesktopTargetPlatform
[2018.03.15-04.33.04:463][  0]LogTemp: Display: Loaded TP MacClientTargetPlatform
[2018.03.15-04.33.04:584][  0]LogTemp: Display: Loaded TP MacNoEditorTargetPlatform
[2018.03.15-04.33.04:707][  0]LogTemp: Display: Loaded TP MacServerTargetPlatform
[2018.03.15-04.33.04:831][  0]LogTemp: Display: Loaded TP MacTargetPlatform
[2018.03.15-04.33.04:981][  0]LogTemp: Display: Loaded TP WindowsClientTargetPlatform
[2018.03.15-04.33.05:106][  0]LogTemp: Display: Loaded TP WindowsNoEditorTargetPlatform
[2018.03.15-04.33.05:230][  0]LogTemp: Display: Loaded TP WindowsServerTargetPlatform
[2018.03.15-04.33.05:349][  0]LogTemp: Display: Loaded TP WindowsTargetPlatform
[2018.03.15-04.33.05:470][  0]LogTemp: Display: Loaded TP Android_ASTCTargetPlatform
[2018.03.15-04.33.05:582][  0]LogTemp: Display: Loaded TP Android_ATCTargetPlatform
[2018.03.15-04.33.05:689][  0]LogTemp: Display: Loaded TP Android_DXTTargetPlatform
[2018.03.15-04.33.05:800][  0]LogTemp: Display: Loaded TP Android_ETC1TargetPlatform
[2018.03.15-04.33.05:906][  0]LogTemp: Display: Loaded TP Android_ETC2TargetPlatform
[2018.03.15-04.33.06:115][  0]LogTemp: Display: Loaded TP Android_MultiTargetPlatform
[2018.03.15-04.33.06:115][  0]LogTemp: Display: Loaded TP Android_PVRTCTargetPlatform
[2018.03.15-04.33.06:222][  0]LogTemp: Display: Loaded TP AndroidTargetPlatform
[2018.03.15-04.33.06:311][  0]LogTemp: Display: Loaded TP HTML5TargetPlatform
[2018.03.15-04.33.06:474][  0]LogTemp: Display: Loaded TP IOSTargetPlatform
[2018.03.15-04.33.06:540][  0]LogTemp: Display: Loaded TP TVOSTargetPlatform
[2018.03.15-04.33.06:659][  0]LogTemp: Display: Loaded TP LinuxClientTargetPlatform
[2018.03.15-04.33.06:786][  0]LogTemp: Display: Loaded TP LinuxNoEditorTargetPlatform
[2018.03.15-04.33.06:900][  0]LogTemp: Display: Loaded TP LinuxServerTargetPlatform
[2018.03.15-04.33.07:018][  0]LogTemp: Display: Loaded TP LinuxTargetPlatform
[2018.03.15-04.33.07:018][  0]LogTargetPlatformManager: Display: Building Assets For Windows
[2018.03.15-04.33.08:120][  0]LogDerivedDataCache: Display: Max Cache Size: 512 MB
[2018.03.15-04.33.08:328][  0]LogDerivedDataCache: Loaded boot cache 0.21s 78MB C:/Users/Michal/AppData/Local/UnrealEngine/4.18/DerivedDataCache/Boot.ddc.
[2018.03.15-04.33.08:328][  0]LogDerivedDataCache: Display: Loaded Boot cache: C:/Users/Michal/AppData/Local/UnrealEngine/4.18/DerivedDataCache/Boot.ddc
[2018.03.15-04.33.08:328][  0]LogDerivedDataCache: FDerivedDataBackendGraph:  Pak pak cache file D:/Google Drive/Unreal/EDM/DerivedDataCache/DDC.ddp not found, will not use a pak cache.
[2018.03.15-04.33.08:328][  0]LogDerivedDataCache: Unable to find inner node Pak for hierarchical cache Hierarchy.
[2018.03.15-04.33.08:328][  0]LogDerivedDataCache: FDerivedDataBackendGraph:  CompressedPak pak cache file D:/Google Drive/Unreal/EDM/DerivedDataCache/Compressed.ddp not found, will not use a pak cache.
[2018.03.15-04.33.08:328][  0]LogDerivedDataCache: Unable to find inner node CompressedPak for hierarchical cache Hierarchy.
[2018.03.15-04.33.08:353][  0]LogDerivedDataCache: Display: Pak cache opened for reading ../../../Engine/DerivedDataCache/Compressed.ddp.
[2018.03.15-04.33.08:367][  0]LogDerivedDataCache: Using Local data cache path C:/Users/Michal/AppData/Local/UnrealEngine/Common/DerivedDataCache: Writable
[2018.03.15-04.33.08:388][  0]LogMaterial: Verifying Global Shaders for PCD3D_SM5
[2018.03.15-04.33.08:388][  0]LogSlate: Using Freetype 2.6.0
[2018.03.15-04.33.08:389][  0]LogSlate: SlateFontCache - WITH_FREETYPE: 1, WITH_HARFBUZZ: 1
[2018.03.15-04.33.08:389][  0]LogSlate: SlateFontCache - WITH_FREETYPE: 1, WITH_HARFBUZZ: 1
[2018.03.15-04.33.09:380][  0]LogInit: Selected Device Profile: [Windows]
[2018.03.15-04.33.10:263][  0]LogSimplygon: Simplygon DLL not present - disabling.
[2018.03.15-04.33.10:445][  0]LogMeshReduction: Using SimplygonSwarm for distributed automatic mesh merging
[2018.03.15-04.33.10:445][  0]LogMeshReduction: Using QuadricMeshReduction for automatic static mesh reduction
[2018.03.15-04.33.10:445][  0]LogMeshReduction: No automatic skeletal mesh reduction module available
[2018.03.15-04.33.10:445][  0]LogMeshReduction: No automatic mesh merging module available
[2018.03.15-04.33.10:445][  0]LogMeshMerging: No automatic mesh merging module available
[2018.03.15-04.33.10:513][  0]LogNetVersion: EDM , NetCL: 3709383, EngineNetVer: 2, GameNetVer: 0 (Checksum: 2285733795)
[2018.03.15-04.33.10:931][  0]LogAssetRegistry: FAssetRegistry took 0.0293 seconds to start up
[2018.03.15-04.33.12:097][  0]LogPackageLocalizationCache: Processed 7 localized package path(s) for 2 prioritized culture(s) in 0.168107 seconds
[2018.03.15-04.33.12:107][  0]LogUObjectArray: 35870 objects as part of root set at end of initial load.
[2018.03.15-04.33.12:107][  0]LogUObjectAllocator: 7363704 out of 0 bytes used by permanent object pool.
[2018.03.15-04.33.12:107][  0]LogUObjectArray: CloseDisregardForGC: 0/0 objects in disregard for GC pool
[2018.03.15-04.33.12:247][  0]LogInit: WinSock: version 1.1 (2.2), MaxSocks=32767, MaxUdp=65467
[2018.03.15-04.33.18:388][  0]LogTcpMessaging: Initializing TcpMessaging bridge
[2018.03.15-04.33.18:474][  0]LogUdpMessaging: Initializing bridge on interface 0.0.0.0:0 to multicast group 230.0.0.1:6666.
[2018.03.15-04.33.20:177][  0]LogMaterial: Uniform references updated for custom material expression Custom.
[2018.03.15-04.33.21:232][  0]SourceControl: Source control is disabled
[2018.03.15-04.33.21:232][  0]SourceControl: Source control is disabled
[2018.03.15-04.33.21:367][  0]SourceControl: Source control is disabled
[2018.03.15-04.33.21:501][  0]SourceControl: Source control is disabled
[2018.03.15-04.33.23:733][  0]LogAndroidPermission: UAndroidPermissionCallbackProxy::GetInstance
[2018.03.15-04.33.24:360][  0]LogOcInput: OculusInput pre-init called
[2018.03.15-04.33.25:008][  0]LogEngine: Initializing Engine...
[2018.03.15-04.33.25:010][  0]LogHMD: Failed to initialize OpenVR with code 110
[2018.03.15-04.33.25:503][  0]LogStats: UGameplayTagsManager::ConstructGameplayTagTree: Construct from data asset -  0.000 s
[2018.03.15-04.33.25:504][  0]LogStats: UGameplayTagsManager::ConstructGameplayTagTree: GameplayTagTreeChangedEvent.Broadcast -  0.000 s
[2018.03.15-04.33.25:846][  0]LogAIModule: Creating AISystem for world Untitled
[2018.03.15-04.33.25:867][  0]LogInit: XAudio2 using 'Headphones (2- High Definition Audio Device)' : 2 channels at 48 kHz using 16 bits per sample (channel mask 0x3)
[2018.03.15-04.33.25:911][  0]LogInit: FAudioDevice initialized.
[2018.03.15-04.33.26:049][  0]LogDerivedDataCache: Saved boot cache 0.14s 78MB C:/Users/Michal/AppData/Local/UnrealEngine/4.18/DerivedDataCache/Boot.ddc.
[2018.03.15-04.33.26:103][  0]LogInit: Texture streaming: Enabled
[2018.03.15-04.33.26:386][  0]LogEngineSessionManager: EngineSessionManager initialized
[2018.03.15-04.33.26:910][  0]LogInit: Transaction tracking system initialized
[2018.03.15-04.33.28:120][  0]BlueprintLog: New page: Editor Load
[2018.03.15-04.33.30:864][  0]LocalizationService: Localization service is disabled
[2018.03.15-04.33.33:113][  0]LogConsoleResponse: Display: 
[2018.03.15-04.33.33:528][  0]LogCook: Display: Max memory allowance for cook 16384mb min free memory 0mb
[2018.03.15-04.33.33:528][  0]LogCook: Display: Mobile HDR setting 1
[2018.03.15-04.33.33:528][  0]LogGameplayTags: Display: UGameplayTagsManager::DoneAddingNativeTags. DelegateIsBound: 0
[2018.03.15-04.33.34:552][  0]LogFileCache: Scanning file cache for directory 'D:/Google Drive/Unreal/EDM/Content/' took 0.02s
[2018.03.15-04.33.36:964][  0]SourceControl: Source control is disabled
[2018.03.15-04.33.36:964][  0]Cmd: MAP LOAD FILE="D:/Google Drive/Unreal/EDM/Content/ThirdPersonBP/Maps/ThirdPersonExampleMap.umap" TEMPLATE=0 SHOWPROGRESS=1 FEATURELEVEL=3
[2018.03.15-04.33.36:965][  0]LightingResults: New page: Lighting Build
[2018.03.15-04.33.37:119][  0]MapCheck: New page: Map Check
[2018.03.15-04.33.37:119][  0]LightingResults: New page: Lighting Build
[2018.03.15-04.33.40:544][  0]LogAIModule: Creating AISystem for world ThirdPersonExampleMap
[2018.03.15-04.33.40:917][  0]LogEditorServer: Finished looking for orphan Actors (0.000 secs)
[2018.03.15-04.33.40:963][  0]Cmd: MAP CHECKDEP NOCLEARLOG
[2018.03.15-04.33.41:123][  0]MapCheck: Map check complete: 0 Error(s), 0 Warning(s), took 161.1ms to complete.
[2018.03.15-04.33.41:124][  0]LogFileHelpers: Loading map 'ThirdPersonExampleMap' took 4.159
[2018.03.15-04.33.41:211][  0]LogWindowsTextInputMethodSystem: Display: IME system now deactivated.
[2018.03.15-04.33.41:405][  0]LogCollectionManager: Loaded 0 collections in 0.008136 seconds
[2018.03.15-04.33.41:584][  0]LogFileCache: Scanning file cache for directory 'D:/Google Drive/Unreal/EDM/Saved/Collections/' took 0.01s
[2018.03.15-04.33.41:584][  0]LogFileCache: Scanning file cache for directory 'D:/Google Drive/Unreal/EDM/Content/Developers/Michal/Collections/' took 0.01s
[2018.03.15-04.33.41:584][  0]LogFileCache: Scanning file cache for directory 'D:/Google Drive/Unreal/EDM/Content/Collections/' took 0.01s
[2018.03.15-04.33.41:584][  0]LogCollectionManager: Rebuilt the GUID cache for 0 collections in 0.000001 seconds
[2018.03.15-04.33.41:603][  0]LogContentBrowser: Native class hierarchy populated in 0.0189 seconds. Added 2364 classes and 522 folders.
[2018.03.15-04.33.41:783][  0]LogContentBrowser: Native class hierarchy updated for 'WidgetCarousel' in 0.0003 seconds. Added 0 classes and 0 folders.
[2018.03.15-04.33.41:894][  0]LogContentBrowser: Native class hierarchy updated for 'AddContentDialog' in 0.0005 seconds. Added 0 classes and 0 folders.
[2018.03.15-04.33.42:011][  0]LogContentBrowser: Native class hierarchy updated for 'SceneOutliner' in 0.0004 seconds. Added 1 classes and 2 folders.
[2018.03.15-04.33.42:068][  0]LogDirectoryWatcher: Warning: Failed to begin reading directory changes for D:/Google Drive/Unreal/EDM/Plugins/. Error: The system cannot find the file specified. (0x00000002)
[2018.03.15-04.33.42:075][  0]LogSlate: Took 0.000405 seconds to synchronously load lazily loaded font '../../../Engine/Content/Slate/Fonts/Roboto-Regular.ttf' (155K)
[2018.03.15-04.33.42:078][  0]LogSlate: Took 0.000462 seconds to synchronously load lazily loaded font '../../../Engine/Content/Slate/Fonts/Roboto-Bold.ttf' (160K)
[2018.03.15-04.33.42:085][  0]LogSlate: Took 0.000428 seconds to synchronously load lazily loaded font '../../../Engine/Content/Editor/Slate/Fonts/FontAwesome.ttf' (139K)
[2018.03.15-04.33.42:278][  0]LogRenderer: Reallocating scene render targets to support 1208x576 Format 10 NumSamples 1 (Frame:1).
[2018.03.15-04.33.42:684][  0]LogContentBrowser: Native class hierarchy updated for 'HierarchicalLODOutliner' in 0.0006 seconds. Added 1 classes and 2 folders.
[2018.03.15-04.33.42:684][  0]LogLoad: (Engine Initialization) Total time: 46.60 seconds
[2018.03.15-04.33.42:684][  0]LogLoad: (Engine Initialization) Total Blueprint compile time: 0.00 seconds
[2018.03.15-04.33.42:685][  0]LogExternalProfiler: No external profilers were discovered.  External profiling features will not be available.
[2018.03.15-04.33.42:714][  0]LogContentStreaming: Texture pool size now 1000 MB
[2018.03.15-04.33.42:742][  0]LogSlate: Took 0.000378 seconds to synchronously load lazily loaded font '../../../Engine/Content/Slate/Fonts/Roboto-Light.ttf' (159K)
[2018.03.15-04.33.43:111][  4]LogAssetRegistry: Asset discovery search completed in 32.2029 seconds
[2018.03.15-04.33.43:115][  4]LogCollectionManager: Rebuilt the object cache for 0 collections in 0.000001 seconds (found 0 objects)
[2018.03.15-04.33.43:115][  4]LogCollectionManager: Fixed up redirectors for 0 collections in 0.000159 seconds (updated 0 objects)
[2018.03.15-04.35.18:865][531]LogDirectoryWatcher: A directory notification for '../../../Engine/Plugins/' was aborted.
[2018.03.15-04.36.32:264][470]LogDirectoryWatcher: Warning: Failed to begin reading directory changes for D:/Google Drive/Unreal/EDM/Plugins/. Error: The system cannot find the file specified. (0x00000002)
[2018.03.15-04.39.30:076][544]LogDirectoryWatcher: A directory notification for '../../../Engine/Plugins/' was aborted.
[2018.03.15-05.13.35:817][214]LogSlate: Took 0.000396 seconds to synchronously load lazily loaded font '../../../Engine/Content/Slate/Fonts/Roboto-Light.ttf' (159K)
[2018.03.15-05.14.19:261][255]LogSlate: Took 0.007173 seconds to synchronously load lazily loaded font '../../../Engine/Content/Editor/Slate/Fonts/Roboto-Italic.ttf' (157K)
[2018.03.15-05.15.05:597][966]LogEditorViewport: Clicking on Actor (LMB): LevelSequenceActor (Light_Test9)
[2018.03.15-05.15.08:012][ 99]Cmd: DELETE
[2018.03.15-05.15.08:012][ 99]Cmd: ACTOR DELETE
[2018.03.15-05.15.09:551][ 99]LogEditorActor: Deleted Actor: LevelSequenceActor
[2018.03.15-05.15.09:576][ 99]LogEditorActor: Deleted 1 Actors (1.562 secs)
[2018.03.15-05.17.16:077][797]LogSlate: Took 0.000391 seconds to synchronously load lazily loaded font '../../../Engine/Content/Slate/Fonts/Roboto-Regular.ttf' (155K)
[2018.03.15-05.17.16:194][797]LogContentBrowser: Native class hierarchy updated for 'BlueprintGraph' in 0.0016 seconds. Added 116 classes and 0 folders.
[2018.03.15-05.17.17:399][797]LogSlate: Took 0.006812 seconds to synchronously load lazily loaded font '../../../Engine/Content/Editor/Slate/Fonts/Roboto-BoldCondensed.ttf' (158K)
[2018.03.15-05.17.19:158][859]LogRenderer: Reallocating scene render targets to support 1208x900 Format 10 NumSamples 1 (Frame:1).
[2018.03.15-05.17.38:797][484]LogSavePackage: Save=46.90ms
[2018.03.15-05.17.38:797][484]LogSavePackage: Moving 'D:/Google Drive/Unreal/EDM/Saved/Light_TestEA3B07B7444D5622BC924BB89CD67D8B.tmp' to 'D:/Google Drive/Unreal/EDM/Content/ThirdPersonBP/Sun_Stage/Light_Panels/Light/Light_Test.uasset'
[2018.03.15-05.17.38:808][484]LogSavePackage: Display: Finished SavePackage D:/Google Drive/Unreal/EDM/Content/ThirdPersonBP/Sun_Stage/Light_Panels/Light/Light_Test.uasset
[2018.03.15-05.17.54:573][295]LogActorComponent: Warning: SetAutoActivate called on component ChildActorComponent /Game/ThirdPersonBP/Maps/ThirdPersonExampleMap.ThirdPersonExampleMap:PersistentLevel.Light_Test_470.SpotLight after construction!
[2018.03.15-05.17.54:574][295]LogActorComponent: Warning: SetAutoActivate called on component ChildActorComponent /Game/ThirdPersonBP/Maps/ThirdPersonExampleMap.ThirdPersonExampleMap:PersistentLevel.Light_Test_470.SpotLight after construction!
[2018.03.15-05.18.04:993][933]LogActorComponent: Warning: SetAutoActivate called on component ChildActorComponent /Game/ThirdPersonBP/Maps/ThirdPersonExampleMap.ThirdPersonExampleMap:PersistentLevel.Light_Test_470.SpotLight after construction!
[2018.03.15-05.18.53:092][140]LogSavePackage: Save=57.02ms
[2018.03.15-05.18.53:092][140]LogSavePackage: Moving 'D:/Google Drive/Unreal/EDM/Saved/Light_TestF6CD77144C19308AC35B45B1FA2D59FE.tmp' to 'D:/Google Drive/Unreal/EDM/Content/ThirdPersonBP/Sun_Stage/Light_Panels/Light/Light_Test.uasset'
[2018.03.15-05.18.53:104][140]LogSavePackage: Display: Finished SavePackage D:/Google Drive/Unreal/EDM/Content/ThirdPersonBP/Sun_Stage/Light_Panels/Light/Light_Test.uasset
[2018.03.15-05.19.04:597][637]LogEditorTransaction: Undo Make New Scene Root
[2018.03.15-05.19.04:753][637]LogSlate: Took 0.000348 seconds to synchronously load lazily loaded font '../../../Engine/Content/Slate/Fonts/Roboto-Light.ttf' (159K)
[2018.03.15-05.19.18:874][246]LogSavePackage: Save=35.29ms
[2018.03.15-05.19.18:875][246]LogSavePackage: Moving 'D:/Google Drive/Unreal/EDM/Saved/Light_TestCDAC70EE48BDDC7688E3E7B03017DBE9.tmp' to 'D:/Google Drive/Unreal/EDM/Content/ThirdPersonBP/Sun_Stage/Light_Panels/Light/Light_Test.uasset'
[2018.03.15-05.19.18:885][246]LogSavePackage: Display: Finished SavePackage D:/Google Drive/Unreal/EDM/Content/ThirdPersonBP/Sun_Stage/Light_Panels/Light/Light_Test.uasset
[2018.03.15-05.20.21:426][216]Cmd: TRANSACTION UNDO
[2018.03.15-05.20.21:426][216]LogEditorTransaction: Undo Delete Node
[2018.03.15-05.20.22:229][256]Cmd: TRANSACTION UNDO
[2018.03.15-05.20.22:229][256]LogEditorTransaction: Undo Select Actors/Components
[2018.03.15-05.20.22:775][291]Cmd: TRANSACTION UNDO
[2018.03.15-05.20.22:775][291]LogEditorTransaction: Undo Delete Node
[2018.03.15-05.20.23:349][330]Cmd: TRANSACTION UNDO
[2018.03.15-05.20.23:349][330]LogEditorTransaction: Undo Select None
[2018.03.15-05.20.23:881][360]Cmd: TRANSACTION UNDO
[2018.03.15-05.20.23:881][360]LogEditorTransaction: Undo Make New Scene Root
[2018.03.15-05.20.44:004][569]LogEditorViewport: Clicking on Actor (LMB): Light_Test_C (Light_Test13)
[2018.03.15-05.21.50:950][673]LogEditorViewport: Clicking on Actor (LMB): BP_Sky_Sphere_C (BP_Sky_Sphere)
[2018.03.15-05.21.52:940][790]LogEditorViewport: Clicking on Actor (LMB): Light_Test_C (Light_Test13)
[2018.03.15-05.22.34:129][208]LogEditorViewport: Clicking on Actor (LMB): Light_Test_C (Light_Test12)
[2018.03.15-05.23.14:909][562]LogEditorViewport: Clicking on Actor (LMB): Light_Test_C (Light_Test14)
[2018.03.15-05.24.01:793][222]LogEditorViewport: Clicking on Actor (LMB): Light_Test_C (Light_Test15)
[2018.03.15-05.24.51:015][890]LogEditorViewport: Clicking on Actor (LMB): Light_Test_C (Light_Test14)
[2018.03.15-05.25.44:444][794]LogEditorViewport: Clicking on Actor (LMB): Light_Test_C (Light_Test16)
[2018.03.15-05.26.24:235][978]LogEditorViewport: Clicking on Actor (LMB): Light_Test_C (Light_Test17)
[2018.03.15-05.26.30:979][360]LogEditorViewport: Clicking on Actor (LMB): Light_Test_C (Light_Test17)
[2018.03.15-05.26.49:235][406]LogEditorViewport: Clicking on Actor (LMB): Long_Panels_C (Long_Panels)
[2018.03.15-05.26.51:806][554]Cmd: TRANSACTION UNDO
[2018.03.15-05.26.51:806][554]LogEditorTransaction: Undo Clicking on Actors
[2018.03.15-05.26.52:353][576]Cmd: TRANSACTION UNDO
[2018.03.15-05.26.52:353][576]LogEditorTransaction: Undo Rotate Actors
[2018.03.15-05.27.19:156][124]LogEditorViewport: Clicking on Actor (LMB): Light_Test_C (Light_Test18)
[2018.03.15-05.27.49:476][ 46]LogEditorViewport: Clicking on Actor (LMB): Light_Test_C (Light_Test18)
[2018.03.15-05.28.24:967][ 83]LogEditorViewport: Clicking on Actor (LMB): Light_Test_C (Light_Test19)
[2018.03.15-05.29.07:734][493]LogEditorViewport: Clicking on Actor (LMB): Light_Test_C (Light_Test20)
[2018.03.15-05.29.17:361][ 95]LogEditorViewport: Clicking on Actor (LMB): Light_Test_C (Light_Test20)
[2018.03.15-05.30.00:601][584]LogEditorViewport: Clicking on Actor (LMB): Light_Test_C (Light_Test21)
[2018.03.15-05.32.32:121][988]LogEditorViewport: Clicking on Actor (LMB): Light_Test_C (Light_Test13)
[2018.03.15-05.32.45:015][767]LogEditorViewport: Clicking on Actor (LMB): Light_Test_C (Light_Test12)
[2018.03.15-05.32.56:927][469]LogEditorViewport: Clicking on Actor (LMB): Light_Test_C (Light_Test14)
[2018.03.15-05.33.19:446][815]LogEditorViewport: Clicking on Actor (LMB): Light_Test_C (Light_Test15)
[2018.03.15-05.33.36:538][833]LogEditorViewport: Clicking on Actor (LMB): Light_Test_C (Light_Test16)
[2018.03.15-05.33.53:950][860]LogEditorViewport: Clicking on Actor (LMB): Light_Test_C (Light_Test17)
[2018.03.15-05.34.07:945][689]LogEditorViewport: Clicking on Actor (LMB): Light_Test_C (Light_Test18)
[2018.03.15-05.34.21:665][477]LogEditorViewport: Clicking on Actor (LMB): Light_Test_C (Light_Test21)
[2018.03.15-05.36.58:606][335]LogBlueprint: Warning: [Compiler PersistentLevel.ThirdPersonExampleMap] Node  Unknown  is not referencing a valid level actor
[2018.03.15-05.36.58:607][335]LogBlueprint: Warning: [Compiler PersistentLevel.ThirdPersonExampleMap] [3844.71] Compile of PersistentLevel.ThirdPersonExampleMap successful, but with 1 Warning(s) [in 8 ms] (/Game/ThirdPersonBP/Maps/ThirdPersonExampleMap.ThirdPersonExampleMap:PersistentLevel.ThirdPersonExampleMap)
[2018.03.15-05.36.59:444][335]LogSavePackage: Save=849.81ms
[2018.03.15-05.36.59:444][335]LogSavePackage: Moving 'D:/Google Drive/Unreal/EDM/Saved/ThirdPersonExampleMap081665674BD76A51E58871AC92CAB1F3.tmp' to 'D:/Google Drive/Unreal/EDM/Content/ThirdPersonBP/Maps/ThirdPersonExampleMap.umap'
[2018.03.15-05.36.59:455][335]LogSavePackage: Display: Finished SavePackage D:/Google Drive/Unreal/EDM/Content/ThirdPersonBP/Maps/ThirdPersonExampleMap.umap
[2018.03.15-05.36.59:517][335]Cmd: OBJ SAVEPACKAGE PACKAGE="/Game/ThirdPersonBP/Maps/ThirdPersonExampleMap_BuiltData" FILE="D:/Google Drive/Unreal/EDM/Content/ThirdPersonBP/Maps/ThirdPersonExampleMap_BuiltData.uasset" SILENT=true
[2018.03.15-05.36.59:738][335]LogSavePackage: Save=190.45ms
[2018.03.15-05.36.59:738][335]LogSavePackage: Moving 'D:/Google Drive/Unreal/EDM/Saved/ThirdPersonExampleMap_BuiltData2C05A9AE4A31DBF74EE2928E2BD13EB3.tmp' to 'D:/Google Drive/Unreal/EDM/Content/ThirdPersonBP/Maps/ThirdPersonExampleMap_BuiltData.uasset'
[2018.03.15-05.36.59:742][335]LogSavePackage: Display: Finished SavePackage D:/Google Drive/Unreal/EDM/Content/ThirdPersonBP/Maps/ThirdPersonExampleMap_BuiltData.uasset
[2018.03.15-05.37.13:577][807]Cmd: OBJ SAVEPACKAGE PACKAGE="/Game/Light_Test1" FILE="D:/Google Drive/Unreal/EDM/Content/Light_Test1.uasset" SILENT=true
[2018.03.15-05.37.13:675][807]LogSavePackage: Save=63.03ms
[2018.03.15-05.37.13:675][807]LogSavePackage: Moving 'D:/Google Drive/Unreal/EDM/Saved/Light_Test1A08AE41F4F8B30F3698ED0B273155A0A.tmp' to 'D:/Google Drive/Unreal/EDM/Content/Light_Test1.uasset'
[2018.03.15-05.37.13:685][807]LogSavePackage: Display: Finished SavePackage D:/Google Drive/Unreal/EDM/Content/Light_Test1.uasset
[2018.03.15-05.37.13:783][807]LogSavePackage: Save=44.23ms
[2018.03.15-05.37.13:784][807]LogSavePackage: Moving 'D:/Google Drive/Unreal/EDM/Saved/Light_Test53972A9E42B901F6DB141391665FB99B.tmp' to 'D:/Google Drive/Unreal/EDM/Content/ThirdPersonBP/Sun_Stage/Light_Panels/Light/Light_Test.uasset'
[2018.03.15-05.37.13:794][807]LogSavePackage: Display: Finished SavePackage D:/Google Drive/Unreal/EDM/Content/ThirdPersonBP/Sun_Stage/Light_Panels/Light/Light_Test.uasset
[2018.03.15-05.37.13:943][807]LogWindowsTextInputMethodSystem: Display: IME system now deactivated.
[2018.03.15-05.37.14:225][808]Cmd: QUIT_EDITOR
[2018.03.15-05.37.14:275][808]LogExit: Preparing to exit.
[2018.03.15-05.37.14:877][808]LogExit: Editor shut down
[2018.03.15-05.37.14:930][808]LogExit: Transaction tracking system shut down
[2018.03.15-05.37.15:106][808]LogDirectoryWatcher: A directory notification for '../../../Engine/Content/' was aborted.
[2018.03.15-05.37.15:106][808]LogDirectoryWatcher: A directory notification for 'D:/Google Drive/Unreal/EDM/Content/' was aborted.
[2018.03.15-05.37.15:107][808]LogDirectoryWatcher: A directory notification for '../../../Engine/Plugins/2D/Paper2D/Content/' was aborted.
[2018.03.15-05.37.15:107][808]LogDirectoryWatcher: A directory notification for '../../../Engine/Plugins/Media/MediaCompositing/Content/' was aborted.
[2018.03.15-05.37.15:107][808]LogDirectoryWatcher: A directory notification for '../../../Engine/Plugins/Runtime/AppleARKit/Content/' was aborted.
[2018.03.15-05.37.15:107][808]LogDirectoryWatcher: A directory notification for '../../../Engine/Plugins/Runtime/Oculus/OculusVR/Content/' was aborted.
[2018.03.15-05.37.15:107][808]LogDirectoryWatcher: A directory notification for '../../../Engine/Plugins/Runtime/Steam/SteamVR/Content/' was aborted.
[2018.03.15-05.37.16:169][808]LogExit: Object subsystem successfully closed.
[2018.03.15-05.37.16:256][808]LogD3D11RHI: Shutdown
[2018.03.15-05.37.16:256][808]LogD3D11RHI: CleanupD3DDevice
[2018.03.15-05.37.16:307][808]LogD3D11RHI: ~FD3D11DynamicRHI
[2018.03.15-05.37.16:389][808]LogModuleManager: Shutting down and abandoning module BlueprintGraph (554)
[2018.03.15-05.37.16:389][808]LogModuleManager: Shutting down and abandoning module SequencerWidgets (552)
[2018.03.15-05.37.16:389][808]LogModuleManager: Shutting down and abandoning module HierarchicalLODOutliner (550)
[2018.03.15-05.37.16:389][808]LogModuleManager: Shutting down and abandoning module SceneOutliner (548)
[2018.03.15-05.37.16:389][808]LogModuleManager: Shutting down and abandoning module AddContentDialog (546)
[2018.03.15-05.37.16:389][808]LogDirectoryWatcher: A directory notification for 'C:/Program Files/Epic Games/UE_4.18/FeaturePacks/' was aborted.
[2018.03.15-05.37.16:401][808]LogModuleManager: Shutting down and abandoning module WidgetCarousel (545)
[2018.03.15-05.37.16:401][808]LogModuleManager: Shutting down and abandoning module EditorWidgets (542)
[2018.03.15-05.37.16:401][808]LogModuleManager: Shutting down and abandoning module CollectionManager (540)
[2018.03.15-05.37.16:402][808]LogDirectoryWatcher: A directory notification for 'D:/Google Drive/Unreal/EDM/Content/Collections/' was aborted.
[2018.03.15-05.37.16:402][808]LogDirectoryWatcher: A directory notification for 'D:/Google Drive/Unreal/EDM/Content/Developers/Michal/Collections/' was aborted.
[2018.03.15-05.37.16:402][808]LogDirectoryWatcher: A directory notification for 'D:/Google Drive/Unreal/EDM/Saved/Collections/' was aborted.
[2018.03.15-05.37.16:402][808]LogModuleManager: Shutting down and abandoning module StatsViewer (538)
[2018.03.15-05.37.16:402][808]LogModuleManager: Shutting down and abandoning module FoliageEdit (536)
[2018.03.15-05.37.16:402][808]LogModuleManager: Shutting down and abandoning module LandscapeEditor (534)
[2018.03.15-05.37.16:404][808]LogModuleManager: Shutting down and abandoning module MeshPaintMode (532)
[2018.03.15-05.37.16:404][808]LogModuleManager: Shutting down and abandoning module SceneDepthPickerMode (530)
[2018.03.15-05.37.16:404][808]LogModuleManager: Shutting down and abandoning module ActorPickerMode (528)
[2018.03.15-05.37.16:405][808]LogModuleManager: Shutting down and abandoning module GeometryMode (526)
[2018.03.15-05.37.16:405][808]LogModuleManager: Shutting down and abandoning module TextureAlignMode (524)
[2018.03.15-05.37.16:405][808]LogModuleManager: Shutting down and abandoning module BspMode (522)
[2018.03.15-05.37.16:405][808]LogModuleManager: Shutting down and abandoning module PIEPreviewDeviceProfileSelector (520)
[2018.03.15-05.37.16:405][808]LogModuleManager: Shutting down and abandoning module HardwareSurvey (518)
[2018.03.15-05.37.16:405][808]LogModuleManager: Shutting down and abandoning module SequenceRecorderSections (516)
[2018.03.15-05.37.16:406][808]LogModuleManager: Shutting down and abandoning module AutomationWorker (514)
[2018.03.15-05.37.16:406][808]LogModuleManager: Shutting down and abandoning module MatineeToLevelSequence (512)
[2018.03.15-05.37.16:406][808]LogModuleManager: Shutting down and abandoning module LevelSequenceEditor (510)
[2018.03.15-05.37.16:406][808]LogModuleManager: Shutting down and abandoning module PlacementMode (509)
[2018.03.15-05.37.16:406][808]LogModuleManager: Shutting down and abandoning module WmfMediaFactory (506)
[2018.03.15-05.37.16:406][808]LogModuleManager: Shutting down and abandoning module WmfMediaEditor (504)
[2018.03.15-05.37.16:406][808]LogModuleManager: Shutting down and abandoning module OpenExrWrapper (502)
[2018.03.15-05.37.16:406][808]LogModuleManager: Shutting down and abandoning module ImgMediaFactory (500)
[2018.03.15-05.37.16:406][808]LogModuleManager: Shutting down and abandoning module ImgMediaEditor (498)
[2018.03.15-05.37.16:406][808]LogModuleManager: Shutting down and abandoning module AvfMediaFactory (496)
[2018.03.15-05.37.16:406][808]LogModuleManager: Shutting down and abandoning module AvfMediaEditor (494)
[2018.03.15-05.37.16:406][808]LogModuleManager: Shutting down and abandoning module AndroidMediaFactory (492)
[2018.03.15-05.37.16:406][808]LogModuleManager: Shutting down and abandoning module AndroidMediaEditor (490)
[2018.03.15-05.37.16:407][808]LogModuleManager: Shutting down and abandoning module CharacterAI (488)
[2018.03.15-05.37.16:407][808]LogModuleManager: Shutting down and abandoning module AudioCapture (486)
[2018.03.15-05.37.16:407][808]LogModuleManager: Shutting down and abandoning module SequenceRecorder (485)
[2018.03.15-05.37.16:407][808]LogModuleManager: Shutting down and abandoning module SmartSnapping (482)
[2018.03.15-05.37.16:407][808]LogModuleManager: Shutting down and abandoning module SessionServices (480)
[2018.03.15-05.37.16:407][808]LogModuleManager: Shutting down and abandoning module ViewportSnapping (478)
[2018.03.15-05.37.16:407][808]LogModuleManager: Shutting down and abandoning module ViewportInteraction (476)
[2018.03.15-05.37.16:407][808]LogModuleManager: Shutting down and abandoning module ClothPainter (474)
[2018.03.15-05.37.16:407][808]LogModuleManager: Shutting down and abandoning module SkeletalMeshEditor (473)
[2018.03.15-05.37.16:407][808]LogModuleManager: Shutting down and abandoning module LogVisualizer (470)
[2018.03.15-05.37.16:407][808]LogModuleManager: Shutting down and abandoning module IntroTutorials (468)
[2018.03.15-05.37.16:407][808]LogModuleManager: Shutting down and abandoning module GameProjectGeneration (467)
[2018.03.15-05.37.16:408][808]LogModuleManager: Shutting down and abandoning module IOSPlatformEditor (464)
[2018.03.15-05.37.16:408][808]LogModuleManager: Shutting down and abandoning module HTML5PlatformEditor (462)
[2018.03.15-05.37.16:408][808]LogModuleManager: Shutting down and abandoning module AndroidPlatformEditor (460)
[2018.03.15-05.37.16:408][808]LogModuleManager: Shutting down and abandoning module AndroidDeviceDetection (459)
[2018.03.15-05.37.17:050][808]LogModuleManager: Shutting down and abandoning module WindowsPlatformEditor (456)
[2018.03.15-05.37.17:050][808]LogModuleManager: Shutting down and abandoning module IOSRuntimeSettings (454)
[2018.03.15-05.37.17:050][808]LogModuleManager: Shutting down and abandoning module AndroidRuntimeSettings (452)
[2018.03.15-05.37.17:050][808]LogModuleManager: Shutting down and abandoning module InputBindingEditor (450)
[2018.03.15-05.37.17:050][808]LogModuleManager: Shutting down and abandoning module MergeActors (448)
[2018.03.15-05.37.17:050][808]LogModuleManager: Shutting down and abandoning module SizeMap (446)
[2018.03.15-05.37.17:050][808]LogModuleManager: Shutting down and abandoning module TreeMap (444)
[2018.03.15-05.37.17:050][808]LogModuleManager: Shutting down and abandoning module ReferenceViewer (442)
[2018.03.15-05.37.17:050][808]LogModuleManager: Shutting down and abandoning module LocalizationDashboard (440)
[2018.03.15-05.37.17:050][808]LogModuleManager: Shutting down and abandoning module LocalizationService (439)
[2018.03.15-05.37.17:050][808]LogModuleManager: Shutting down and abandoning module HardwareTargeting (436)
[2018.03.15-05.37.17:050][808]LogModuleManager: Shutting down and abandoning module DeviceProfileEditor (434)
[2018.03.15-05.37.17:050][808]LogModuleManager: Shutting down and abandoning module UndoHistory (432)
[2018.03.15-05.37.17:050][808]LogModuleManager: Shutting down and abandoning module XmlParser (430)
[2018.03.15-05.37.17:050][808]LogModuleManager: Shutting down and abandoning module Blutility (428)
[2018.03.15-05.37.17:051][808]LogModuleManager: Shutting down and abandoning module ProjectSettingsViewer (426)
[2018.03.15-05.37.17:051][808]LogModuleManager: Shutting down and abandoning module ProjectTargetPlatformEditor (425)
[2018.03.15-05.37.17:051][808]LogModuleManager: Shutting down and abandoning module EditorSettingsViewer (422)
[2018.03.15-05.37.17:051][808]LogModuleManager: Shutting down and abandoning module SettingsEditor (420)
[2018.03.15-05.37.17:051][808]LogModuleManager: Shutting down and abandoning module ProjectLauncher (418)
[2018.03.15-05.37.17:051][808]LogModuleManager: Shutting down and abandoning module SessionFrontend (416)
[2018.03.15-05.37.17:051][808]LogModuleManager: Shutting down and abandoning module ProfilerClient (414)
[2018.03.15-05.37.17:051][808]LogModuleManager: Shutting down and abandoning module DeviceManager (412)
[2018.03.15-05.37.17:051][808]LogModuleManager: Shutting down and abandoning module TargetDeviceServices (411)
[2018.03.15-05.37.17:106][808]LogModuleManager: Shutting down and abandoning module AutomationController (408)
[2018.03.15-05.37.17:106][808]LogModuleManager: Shutting down and abandoning module AutomationWindow (406)
[2018.03.15-05.37.17:106][808]LogModuleManager: Shutting down and abandoning module Layers (404)
[2018.03.15-05.37.17:106][808]LogModuleManager: Shutting down and abandoning module ComponentVisualizers (402)
[2018.03.15-05.37.17:106][808]LogModuleManager: Shutting down and abandoning module DetailCustomizations (400)
[2018.03.15-05.37.17:106][808]LogModuleManager: Shutting down and abandoning module PackagesDialog (398)
[2018.03.15-05.37.17:106][808]LogModuleManager: Shutting down and abandoning module Persona (396)
[2018.03.15-05.37.17:106][808]LogModuleManager: Shutting down and abandoning module AdvancedPreviewScene (395)
[2018.03.15-05.37.17:106][808]LogModuleManager: Shutting down and abandoning module AnimGraph (393)
[2018.03.15-05.37.17:106][808]LogModuleManager: Shutting down and abandoning module Kismet (390)
[2018.03.15-05.37.17:179][808]LogModuleManager: Shutting down and abandoning module ClassViewer (388)
[2018.03.15-05.37.17:207][808]LogModuleManager: Shutting down and abandoning module Toolbox (386)
[2018.03.15-05.37.17:207][808]LogModuleManager: Shutting down and abandoning module ModuleUI (384)
[2018.03.15-05.37.17:208][808]LogModuleManager: Shutting down and abandoning module MovieSceneTools (382)
[2018.03.15-05.37.17:208][808]LogModuleManager: Shutting down and abandoning module OutputLog (380)
[2018.03.15-05.37.17:208][808]LogModuleManager: Shutting down and abandoning module GammaUI (378)
[2018.03.15-05.37.17:208][808]LogModuleManager: Shutting down and abandoning module Documentation (376)
[2018.03.15-05.37.17:208][808]LogModuleManager: Shutting down and abandoning module MovieSceneTracks (374)
[2018.03.15-05.37.17:208][808]LogModuleManager: Shutting down and abandoning module MovieScene (372)
[2018.03.15-05.37.17:209][808]LogModuleManager: Shutting down and abandoning module StreamingPauseRendering (370)
[2018.03.15-05.37.17:209][808]LogModuleManager: Shutting down and abandoning module LauncherPlatform (368)
[2018.03.15-05.37.17:209][808]LogModuleManager: Shutting down and abandoning module AnalyticsET (366)
[2018.03.15-05.37.17:209][808]LogModuleManager: Shutting down and abandoning module PortalServices (364)
[2018.03.15-05.37.17:209][808]LogModuleManager: Shutting down and abandoning module PortalRpc (362)
[2018.03.15-05.37.17:209][808]LogModuleManager: Shutting down and abandoning module MessagingRpc (360)
[2018.03.15-05.37.17:209][808]LogModuleManager: Shutting down and abandoning module AIModule (358)
[2018.03.15-05.37.17:209][808]LogModuleManager: Shutting down and abandoning module GameplayDebugger (357)
[2018.03.15-05.37.17:209][808]LogModuleManager: Shutting down and abandoning module AITestSuite (355)
[2018.03.15-05.37.17:209][808]LogModuleManager: Shutting down and abandoning module DesktopPlatform (352)
[2018.03.15-05.37.17:209][808]LogModuleManager: Shutting down and abandoning module ProfilerService (350)
[2018.03.15-05.37.17:406][808]LogModuleManager: Shutting down and abandoning module TaskGraph (348)
[2018.03.15-05.37.17:406][808]LogModuleManager: Shutting down and abandoning module SteamVRController (346)
[2018.03.15-05.37.17:406][808]LogModuleManager: Shutting down and abandoning module SoundVisualizations (344)
[2018.03.15-05.37.17:407][808]LogModuleManager: Shutting down and abandoning module ProceduralMeshComponentEditor (342)
[2018.03.15-05.37.17:407][808]LogModuleManager: Shutting down and abandoning module ProceduralMeshComponent (340)
[2018.03.15-05.37.17:407][808]LogModuleManager: Shutting down and abandoning module OculusInput (338)
[2018.03.15-05.37.17:407][808]LogModuleManager: Shutting down and abandoning module MobilePatchingUtils (336)
[2018.03.15-05.37.17:407][808]LogModuleManager: Shutting down and abandoning module CustomMeshComponent (334)
[2018.03.15-05.37.17:407][808]LogModuleManager: Shutting down and abandoning module CableComponent (332)
[2018.03.15-05.37.17:407][808]LogModuleManager: Shutting down and abandoning module ArchVisCharacter (330)
[2018.03.15-05.37.17:407][808]LogModuleManager: Shutting down and abandoning module AndroidPermission (328)
[2018.03.15-05.37.17:407][808]LogModuleManager: Shutting down and abandoning module ActorSequence (324)
[2018.03.15-05.37.17:407][808]LogModuleManager: Shutting down and abandoning module MediaPlayerEditor (322)
[2018.03.15-05.37.17:407][808]LogModuleManager: Shutting down and abandoning module MediaCompositingEditor (320)
[2018.03.15-05.37.17:407][808]LogModuleManager: Shutting down and abandoning module MediaCompositing (318)
[2018.03.15-05.37.17:407][808]LogModuleManager: Shutting down and abandoning module HTML5Networking (316)
[2018.03.15-05.37.17:407][808]LogModuleManager: Shutting down and abandoning module AlembicImporter (314)
[2018.03.15-05.37.17:407][808]LogModuleManager: Shutting down and abandoning module AlembicLibrary (313)
[2018.03.15-05.37.17:407][808]LogModuleManager: Shutting down and abandoning module GeometryCache (312)
[2018.03.15-05.37.17:407][808]LogModuleManager: Shutting down and abandoning module GeometryCacheEd (311)
[2018.03.15-05.37.17:407][808]LogModuleManager: Shutting down and abandoning module SpeedTreeImporter (306)
[2018.03.15-05.37.17:407][808]LogModuleManager: Shutting down and abandoning module PluginBrowser (304)
[2018.03.15-05.37.17:407][808]LogModuleManager: Shutting down and abandoning module MobileLauncherProfileWizard (302)
[2018.03.15-05.37.17:408][808]LogModuleManager: Shutting down and abandoning module VisualStudioSourceCodeAccess (300)
[2018.03.15-05.37.17:408][808]LogModuleManager: Shutting down and abandoning module VisualStudioCodeSourceCodeAccess (298)
[2018.03.15-05.37.17:408][808]LogModuleManager: Shutting down and abandoning module UObjectPlugin (296)
[2018.03.15-05.37.17:408][808]LogModuleManager: Shutting down and abandoning module SubversionSourceControl (294)
[2018.03.15-05.37.17:408][808]LogModuleManager: Shutting down and abandoning module PerforceSourceControl (292)
[2018.03.15-05.37.17:408][808]LogModuleManager: Shutting down and abandoning module GitSourceControl (290)
[2018.03.15-05.37.17:408][808]LogModuleManager: Shutting down and abandoning module SourceControl (289)
[2018.03.15-05.37.17:408][808]LogModuleManager: Shutting down and abandoning module LightPropagationVolumeEditor (286)
[2018.03.15-05.37.17:408][808]LogModuleManager: Shutting down and abandoning module PaperTiledImporter (284)
[2018.03.15-05.37.17:408][808]LogModuleManager: Shutting down and abandoning module PaperSpriteSheetImporter (282)
[2018.03.15-05.37.17:408][808]LogModuleManager: Shutting down and abandoning module Paper2DEditor (280)
[2018.03.15-05.37.17:408][808]LogModuleManager: Shutting down and abandoning module MeshPaint (279)
[2018.03.15-05.37.17:408][808]LogModuleManager: Shutting down and abandoning module LevelEditor (277)
[2018.03.15-05.37.17:410][808]LogModuleManager: Shutting down and abandoning module PixelInspectorModule (276)
[2018.03.15-05.37.17:410][808]LogModuleManager: Shutting down and abandoning module MainFrame (274)
[2018.03.15-05.37.17:411][808]LogModuleManager: Shutting down and abandoning module HotReload (273)
[2018.03.15-05.37.17:413][808]LogModuleManager: Shutting down and abandoning module RuntimePhysXCooking (268)
[2018.03.15-05.37.17:413][808]LogModuleManager: Shutting down and abandoning module PhysXVehiclesEditor (266)
[2018.03.15-05.37.17:413][808]LogModuleManager: Shutting down and abandoning module PhysXVehicles (264)
[2018.03.15-05.37.17:413][808]LogModuleManager: Shutting down and abandoning module OculusEditor (262)
[2018.03.15-05.37.17:413][808]LogModuleManager: Shutting down and abandoning module LocationServicesBPLibrary (260)
[2018.03.15-05.37.17:413][808]LogModuleManager: Shutting down and abandoning module ImmediatePhysicsEditor (258)
[2018.03.15-05.37.17:413][808]LogModuleManager: Shutting down and abandoning module ImmediatePhysics (256)
[2018.03.15-05.37.17:413][808]LogModuleManager: Shutting down and abandoning module UdpMessaging (254)
[2018.03.15-05.37.17:514][808]LogModuleManager: Shutting down and abandoning module TcpMessaging (252)
[2018.03.15-05.37.17:615][808]LogModuleManager: Shutting down and abandoning module GameplayTagsEditor (250)
[2018.03.15-05.37.17:615][808]LogModuleManager: Shutting down and abandoning module FacialAnimationEditor (248)
[2018.03.15-05.37.17:615][808]LogModuleManager: Shutting down and abandoning module FacialAnimation (246)
[2018.03.15-05.37.17:615][808]LogModuleManager: Shutting down and abandoning module AssetManagerEditor (244)
[2018.03.15-05.37.17:615][808]LogModuleManager: Shutting down and abandoning module GraphEditor (243)
[2018.03.15-05.37.17:615][808]LogModuleManager: Shutting down and abandoning module ContentBrowser (241)
[2018.03.15-05.37.17:618][808]LogModuleManager: Shutting down and abandoning module LightPropagationVolumeRuntime (238)
[2018.03.15-05.37.17:618][808]LogModuleManager: Shutting down and abandoning module Paper2D (236)
[2018.03.15-05.37.17:618][808]LogModuleManager: Shutting down and abandoning module WindowsMoviePlayer (234)
[2018.03.15-05.37.17:618][808]LogModuleManager: Shutting down and abandoning module WmfMedia (232)
[2018.03.15-05.37.17:622][808]LogModuleManager: Shutting down and abandoning module ImgMedia (230)
[2018.03.15-05.37.17:622][808]LogModuleManager: Shutting down and abandoning module PacketHandler (228)
[2018.03.15-05.37.17:622][808]LogModuleManager: Shutting down and abandoning module ClothingSystemEditor (226)
[2018.03.15-05.37.17:622][808]LogModuleManager: Shutting down and abandoning module ClothingSystemRuntime (224)
[2018.03.15-05.37.17:622][808]LogModuleManager: Shutting down and abandoning module MediaAssets (222)
[2018.03.15-05.37.17:622][808]LogModuleManager: Shutting down and abandoning module Media (221)
[2018.03.15-05.37.17:629][808]LogModuleManager: Shutting down and abandoning module Overlay (218)
[2018.03.15-05.37.17:629][808]LogModuleManager: Shutting down and abandoning module OverlayEditor (217)
[2018.03.15-05.37.17:629][808]LogModuleManager: Shutting down and abandoning module VREditor (214)
[2018.03.15-05.37.17:629][808]LogModuleManager: Shutting down and abandoning module StringTableEditor (212)
[2018.03.15-05.37.17:629][808]LogModuleManager: Shutting down and abandoning module GameplayTasksEditor (210)
[2018.03.15-05.37.17:629][808]LogModuleManager: Shutting down and abandoning module BehaviorTreeEditor (208)
[2018.03.15-05.37.17:629][808]LogModuleManager: Shutting down and abandoning module FunctionalTesting (206)
[2018.03.15-05.37.17:629][808]LogModuleManager: Shutting down and abandoning module CollisionAnalyzer (204)
[2018.03.15-05.37.17:629][808]LogModuleManager: Shutting down and abandoning module WorkspaceMenuStructure (203)
[2018.03.15-05.37.17:629][808]LogModuleManager: Shutting down and abandoning module UMG (200)
[2018.03.15-05.37.17:629][808]LogModuleManager: Shutting down and abandoning module UMGEditor (199)
[2018.03.15-05.37.17:629][808]LogModuleManager: Shutting down and abandoning module Sequencer (198)
[2018.03.15-05.37.17:629][808]LogModuleManager: Shutting down and abandoning module MessageLog (195)
[2018.03.15-05.37.17:629][808]LogModuleManager: Shutting down and abandoning module SlateReflector (190)
[2018.03.15-05.37.17:629][808]LogModuleManager: Shutting down and abandoning module Slate (188)
[2018.03.15-05.37.17:630][808]LogModuleManager: Shutting down and abandoning module EditorStyle (186)
[2018.03.15-05.37.17:633][808]LogModuleManager: Shutting down and abandoning module MRMesh (184)
[2018.03.15-05.37.17:633][808]LogModuleManager: Shutting down and abandoning module SourceCodeAccess (182)
[2018.03.15-05.37.17:633][808]LogModuleManager: Shutting down and abandoning module HeadMountedDisplay (180)
[2018.03.15-05.37.17:633][808]LogModuleManager: Shutting down and abandoning module XAudio2 (178)
[2018.03.15-05.37.17:633][808]LogModuleManager: Shutting down and abandoning module Networking (176)
[2018.03.15-05.37.17:633][808]LogModuleManager: Shutting down and abandoning module Core (172)
[2018.03.15-05.37.17:633][808]LogModuleManager: Shutting down and abandoning module LevelSequence (168)
[2018.03.15-05.37.17:633][808]LogModuleManager: Shutting down and abandoning module DirectoryWatcher (166)
[2018.03.15-05.37.17:641][808]LogModuleManager: Shutting down and abandoning module KismetCompiler (164)
[2018.03.15-05.37.17:641][808]LogModuleManager: Shutting down and abandoning module MeshUtilities (162)
[2018.03.15-05.37.17:641][808]LogModuleManager: Shutting down and abandoning module MeshMergeUtilities (161)
[2018.03.15-05.37.17:641][808]LogModuleManager: Shutting down and abandoning module MeshReductionInterface (160)
[2018.03.15-05.37.17:641][808]LogModuleManager: Shutting down and abandoning module SimplygonSwarm (159)
[2018.03.15-05.37.17:641][808]LogModuleManager: Shutting down and abandoning module SimplygonMeshReduction (157)
[2018.03.15-05.37.17:641][808]LogModuleManager: Shutting down and abandoning module QuadricMeshReduction (155)
[2018.03.15-05.37.17:641][808]LogModuleManager: Shutting down and abandoning module MaterialBaking (151)
[2018.03.15-05.37.17:641][808]LogModuleManager: Shutting down and abandoning module DerivedDataCache (148)
[2018.03.15-05.37.17:713][808]LogDerivedDataCache: Shutdown
[2018.03.15-05.37.17:713][808]LogModuleManager: Shutting down and abandoning module TargetPlatform (146)
[2018.03.15-05.37.17:713][808]LogModuleManager: Shutting down and abandoning module VulkanShaderFormat (145)
[2018.03.15-05.37.17:713][808]LogModuleManager: Shutting down and abandoning module ShaderFormatVectorVM (143)
[2018.03.15-05.37.17:713][808]LogModuleManager: Shutting down and abandoning module ShaderFormatOpenGL (141)
[2018.03.15-05.37.17:713][808]LogModuleManager: Shutting down and abandoning module ShaderFormatD3D (139)
[2018.03.15-05.37.17:713][808]LogModuleManager: Shutting down and abandoning module MetalShaderFormat (137)
[2018.03.15-05.37.17:713][808]LogModuleManager: Shutting down and abandoning module TextureFormatUncompressed (135)
[2018.03.15-05.37.17:713][808]LogModuleManager: Shutting down and abandoning module TextureFormatPVR (133)
[2018.03.15-05.37.17:713][808]LogModuleManager: Shutting down and abandoning module TextureFormatDXT (131)
[2018.03.15-05.37.17:713][808]LogModuleManager: Shutting down and abandoning module TextureFormatIntelISPCTexComp (129)
[2018.03.15-05.37.17:713][808]LogModuleManager: Shutting down and abandoning module TextureFormatASTC (127)
[2018.03.15-05.37.17:714][808]LogModuleManager: Shutting down and abandoning module ImageWrapper (126)
[2018.03.15-05.37.17:714][808]LogModuleManager: Shutting down and abandoning module TextureFormatAndroid (123)
[2018.03.15-05.37.17:714][808]LogModuleManager: Shutting down and abandoning module AudioFormatOpus (121)
[2018.03.15-05.37.17:714][808]LogModuleManager: Shutting down and abandoning module AudioFormatOgg (119)
[2018.03.15-05.37.17:714][808]LogModuleManager: Shutting down and abandoning module AudioFormatADPCM (117)
[2018.03.15-05.37.17:714][808]LogModuleManager: Shutting down and abandoning module LinuxTargetPlatform (115)
[2018.03.15-05.37.17:714][808]LogModuleManager: Shutting down and abandoning module LinuxServerTargetPlatform (113)
[2018.03.15-05.37.17:714][808]LogModuleManager: Shutting down and abandoning module LinuxNoEditorTargetPlatform (111)
[2018.03.15-05.37.17:714][808]LogModuleManager: Shutting down and abandoning module LinuxClientTargetPlatform (109)
[2018.03.15-05.37.17:714][808]LogModuleManager: Shutting down and abandoning module TVOSTargetPlatform (107)
[2018.03.15-05.37.17:714][808]LogModuleManager: Shutting down and abandoning module Messaging (105)
[2018.03.15-05.37.17:714][808]LogModuleManager: Shutting down and abandoning module IOSTargetPlatform (103)
[2018.03.15-05.37.17:714][808]LogModuleManager: Shutting down and abandoning module HTML5TargetPlatform (101)
[2018.03.15-05.37.17:714][808]LogModuleManager: Shutting down and abandoning module AndroidTargetPlatform (99)
[2018.03.15-05.37.17:714][808]LogModuleManager: Shutting down and abandoning module Android_PVRTCTargetPlatform (97)
[2018.03.15-05.37.17:714][808]LogModuleManager: Shutting down and abandoning module Android_MultiTargetPlatform (95)
[2018.03.15-05.37.17:714][808]LogModuleManager: Shutting down and abandoning module Android_ETC2TargetPlatform (93)
[2018.03.15-05.37.17:714][808]LogModuleManager: Shutting down and abandoning module Android_ETC1TargetPlatform (91)
[2018.03.15-05.37.17:714][808]LogModuleManager: Shutting down and abandoning module Android_DXTTargetPlatform (89)
[2018.03.15-05.37.17:714][808]LogModuleManager: Shutting down and abandoning module Android_ATCTargetPlatform (87)
[2018.03.15-05.37.17:714][808]LogModuleManager: Shutting down and abandoning module Android_ASTCTargetPlatform (85)
[2018.03.15-05.37.17:714][808]LogModuleManager: Shutting down and abandoning module WindowsTargetPlatform (83)
[2018.03.15-05.37.17:714][808]LogModuleManager: Shutting down and abandoning module WindowsServerTargetPlatform (81)
[2018.03.15-05.37.17:714][808]LogModuleManager: Shutting down and abandoning module WindowsNoEditorTargetPlatform (79)
[2018.03.15-05.37.17:714][808]LogModuleManager: Shutting down and abandoning module WindowsClientTargetPlatform (77)
[2018.03.15-05.37.17:714][808]LogModuleManager: Shutting down and abandoning module MacTargetPlatform (75)
[2018.03.15-05.37.17:715][808]LogModuleManager: Shutting down and abandoning module MacServerTargetPlatform (73)
[2018.03.15-05.37.17:715][808]LogModuleManager: Shutting down and abandoning module MacNoEditorTargetPlatform (71)
[2018.03.15-05.37.17:715][808]LogModuleManager: Shutting down and abandoning module MacClientTargetPlatform (69)
[2018.03.15-05.37.17:715][808]LogModuleManager: Shutting down and abandoning module AllDesktopTargetPlatform (67)
[2018.03.15-05.37.17:715][808]LogModuleManager: Shutting down and abandoning module InputCore (64)
[2018.03.15-05.37.17:715][808]LogModuleManager: Shutting down and abandoning module Settings (62)
[2018.03.15-05.37.17:715][808]LogModuleManager: Shutting down and abandoning module PhysXCooking (60)
[2018.03.15-05.37.17:715][808]LogModuleManager: Shutting down and abandoning module SteamVR (58)
[2018.03.15-05.37.17:715][808]LogModuleManager: Shutting down and abandoning module OculusHMD (56)
[2018.03.15-05.37.17:715][808]LogModuleManager: Shutting down and abandoning module ExampleDeviceProfileSelector (54)
[2018.03.15-05.37.17:715][808]LogModuleManager: Shutting down and abandoning module AppleARKit (52)
[2018.03.15-05.37.17:715][808]LogModuleManager: Shutting down and abandoning module AugmentedReality (51)
[2018.03.15-05.37.17:715][808]LogModuleManager: Shutting down and abandoning module OnlineBlueprintSupport (48)
[2018.03.15-05.37.17:715][808]LogModuleManager: Shutting down and abandoning module OnlineSubsystem (44)
[2018.03.15-05.37.17:715][808]LogModuleManager: Shutting down and abandoning module XMPP (43)
[2018.03.15-05.37.17:715][808]LogModuleManager: Shutting down and abandoning module HTTP (41)
[2018.03.15-05.37.17:715][808]LogHttp: Display: Http module shutting down, but needs to wait on 1 outstanding Http requests:
[2018.03.15-05.37.17:715][808]LogHttp: Display: 	verb=[POST] url=[https://datarouter.ol.epicgames.com/datarouter/api/v1/public/data?SessionID=%7BD6E50575-45D5-3A5C-4A72-2EB61AA0838D%7D&AppID=UEEditor.Rocket.Release&AppVersion=4.18.3-3832480%2B%2B%2BUE4%2BRelease-4.18&UserID=abb781c741b7268fc6f4bab89abffcde%7C8632ad1643164bfc82cba1a21745caf1%7Cbda52249-a07c-4bb5-853e-ca3e3350741e&AppEnvironment=datacollector-binary&UploadType=eteventstream] status=Processing
[2018.03.15-05.37.17:740][808]LogModuleManager: Shutting down and abandoning module SSL (40)
[2018.03.15-05.37.17:745][808]LogModuleManager: Shutting down and abandoning module AnimationModifiers (36)
[2018.03.15-05.37.17:745][808]LogModuleManager: Shutting down and abandoning module PropertyEditor (35)
[2018.03.15-05.37.17:745][808]LogModuleManager: Shutting down and abandoning module AudioEditor (32)
[2018.03.15-05.37.17:745][808]LogModuleManager: Shutting down and abandoning module TextureCompressor (30)
[2018.03.15-05.37.17:745][808]LogModuleManager: Shutting down and abandoning module ShaderCore (28)
[2018.03.15-05.37.17:746][808]LogModuleManager: Shutting down and abandoning module Landscape (26)
[2018.03.15-05.37.17:746][808]LogModuleManager: Shutting down and abandoning module SlateRHIRenderer (24)
[2018.03.15-05.37.17:749][808]LogModuleManager: Shutting down and abandoning module OpenGLDrv (22)
[2018.03.15-05.37.17:749][808]LogModuleManager: Shutting down and abandoning module D3D11RHI (20)
[2018.03.15-05.37.17:749][808]LogModuleManager: Shutting down and abandoning module AnimGraphRuntime (18)
[2018.03.15-05.37.17:749][808]LogModuleManager: Shutting down and abandoning module Renderer (16)
[2018.03.15-05.37.17:749][808]LogModuleManager: Shutting down and abandoning module Engine (14)
[2018.03.15-05.37.17:749][808]LogModuleManager: Shutting down and abandoning module CoreUObject (12)
[2018.03.15-05.37.17:749][808]LogModuleManager: Shutting down and abandoning module NetworkFile (10)
[2018.03.15-05.37.17:749][808]LogModuleManager: Shutting down and abandoning module CookedIterativeFile (8)
[2018.03.15-05.37.17:749][808]LogModuleManager: Shutting down and abandoning module StreamingFile (6)
[2018.03.15-05.37.17:749][808]LogModuleManager: Shutting down and abandoning module SandboxFile (4)
[2018.03.15-05.37.17:749][808]LogModuleManager: Shutting down and abandoning module PakFile (2)
[2018.03.15-05.37.17:752][808]LogExit: Exiting.
[2018.03.15-05.37.17:785][808]Log file closed, 03/15/18 01:37:17
